{"meta": {"format": 3, "version": "7.13.0", "timestamp": "2026-01-09T21:02:30.500479", "branch_coverage": true, "show_contexts": false}, "files": {"fish_async_task/__init__.py": {"executed_lines": [1, 7, 9, 10], "summary": {"covered_lines": 3, "num_statements": 3, "percent_covered": 100.0, "percent_covered_display": "100.00", "missing_lines": 0, "excluded_lines": 0, "percent_statements_covered": 100.0, "percent_statements_covered_display": "100.00", "num_branches": 0, "num_partial_branches": 0, "covered_branches": 0, "missing_branches": 0, "percent_branches_covered": 100.0, "percent_branches_covered_display": "100.00"}, "missing_lines": [], "excluded_lines": [], "executed_branches": [], "missing_branches": [], "functions": {"": {"executed_lines": [1, 7, 9, 10], "summary": {"covered_lines": 3, "num_statements": 3, "percent_covered": 100.0, "percent_covered_display": "100.00", "missing_lines": 0, "excluded_lines": 0, "percent_statements_covered": 100.0, "percent_statements_covered_display": "100.00", "num_branches": 0, "num_partial_branches": 0, "covered_branches": 0, "missing_branches": 0, "percent_branches_covered": 100.0, "percent_branches_covered_display": "100.00"}, "missing_lines": [], "excluded_lines": [], "executed_branches": [], "missing_branches": []}}, "classes": {"": {"executed_lines": [1, 7, 9, 10], "summary": {"covered_lines": 3, "num_statements": 3, "percent_covered": 100.0, "percent_covered_display": "100.00", "missing_lines": 0, "excluded_lines": 0, "percent_statements_covered": 100.0, "percent_statements_covered_display": "100.00", "num_branches": 0, "num_partial_branches": 0, "covered_branches": 0, "missing_branches": 0, "percent_branches_covered": 100.0, "percent_branches_covered_display": "100.00"}, "missing_lines": [], "excluded_lines": [], "executed_branches": [], "missing_branches": []}}}, "fish_async_task/_cython/__init__.py": {"executed_lines": [1, 7, 8, 11, 13, 15, 24, 26, 27, 29, 31], "summary": {"covered_lines": 10, "num_statements": 14, "percent_covered": 71.42857142857143, "percent_covered_display": "71.43", "missing_lines": 4, "excluded_lines": 0, "percent_statements_covered": 71.42857142857143, "percent_statements_covered_display": "71.43", "num_branches": 0, "num_partial_branches": 0, "covered_branches": 0, "missing_branches": 0, "percent_branches_covered": 100.0, "percent_branches_covered_display": "100.00"}, "missing_lines": [16, 19, 20, 22], "excluded_lines": [], "executed_branches": [], "missing_branches": [], "functions": {"": {"executed_lines": [1, 7, 8, 11, 13, 15, 24, 26, 27, 29, 31], "summary": {"covered_lines": 10, "num_statements": 14, "percent_covered": 71.42857142857143, "percent_covered_display": "71.43", "missing_lines": 4, "excluded_lines": 0, "percent_statements_covered": 71.42857142857143, "percent_statements_covered_display": "71.43", "num_branches": 0, "num_partial_branches": 0, "covered_branches": 0, "missing_branches": 0, "percent_branches_covered": 100.0, "percent_branches_covered_display": "100.00"}, "missing_lines": [16, 19, 20, 22], "excluded_lines": [], "executed_branches": [], "missing_branches": []}}, "classes": {"": {"executed_lines": [1, 7, 8, 11, 13, 15, 24, 26, 27, 29, 31], "summary": {"covered_lines": 10, "num_statements": 14, "percent_covered": 71.42857142857143, "percent_covered_display": "71.43", "missing_lines": 4, "excluded_lines": 0, "percent_statements_covered": 71.42857142857143, "percent_statements_covered_display": "71.43", "num_branches": 0, "num_partial_branches": 0, "covered_branches": 0, "missing_branches": 0, "percent_branches_covered": 100.0, "percent_branches_covered_display": "100.00"}, "missing_lines": [16, 19, 20, 22], "excluded_lines": [], "executed_branches": [], "missing_branches": []}}}, "fish_async_task/cleanup.py": {"executed_lines": [1, 7, 8, 9, 10, 13, 14, 17, 18, 19, 21, 37, 38, 39, 40, 41, 43, 45, 50, 51, 53, 65, 66, 67, 68, 69, 72, 74, 81, 82, 83, 86, 90, 91, 93, 94, 97, 98, 136, 138, 145, 146, 147], "summary": {"covered_lines": 41, "num_statements": 60, "percent_covered": 68.05555555555556, "percent_covered_display": "68.06", "missing_lines": 19, "excluded_lines": 0, "percent_statements_covered": 68.33333333333333, "percent_statements_covered_display": "68.33", "num_branches": 12, "num_partial_branches": 2, "covered_branches": 8, "missing_branches": 4, "percent_branches_covered": 66.66666666666667, "percent_branches_covered_display": "66.67"}, "missing_lines": [100, 102, 103, 104, 106, 107, 109, 110, 111, 113, 114, 117, 119, 120, 121, 129, 130, 134, 148], "excluded_lines": [], "executed_branches": [[66, 67], [66, 72], [90, 91], [93, 94], [93, 97], [145, -138], [145, 146], [147, -138]], "missing_branches": [[90, 136], [129, 90], [129, 130], [147, 148]], "functions": {"CleanupThreadManager.__init__": {"executed_lines": [37, 38, 39, 40, 41], "summary": {"covered_lines": 5, "num_statements": 5, "percent_covered": 100.0, "percent_covered_display": "100.00", "missing_lines": 0, "excluded_lines": 0, "percent_statements_covered": 100.0, "percent_statements_covered_display": "100.00", "num_branches": 0, "num_partial_branches": 0, "covered_branches": 0, "missing_branches": 0, "percent_branches_covered": 100.0, "percent_branches_covered_display": "100.00"}, "missing_lines": [], "excluded_lines": [], "executed_branches": [], "missing_branches": []}, "CleanupThreadManager.start": {"executed_lines": [45, 50, 51], "summary": {"covered_lines": 3, "num_statements": 3, "percent_covered": 100.0, "percent_covered_display": "100.00", "missing_lines": 0, "excluded_lines": 0, "percent_statements_covered": 100.0, "percent_statements_covered_display": "100.00", "num_branches": 0, "num_partial_branches": 0, "covered_branches": 0, "missing_branches": 0, "percent_branches_covered": 100.0, "percent_branches_covered_display": "100.00"}, "missing_lines": [], "excluded_lines": [], "executed_branches": [], "missing_branches": []}, "CleanupThreadManager._wait_with_interrupt_check": {"executed_lines": [65, 66, 67, 68, 69, 72], "summary": {"covered_lines": 6, "num_statements": 6, "percent_covered": 100.0, "percent_covered_display": "100.00", "missing_lines": 0, "excluded_lines": 0, "percent_statements_covered": 100.0, "percent_statements_covered_display": "100.00", "num_branches": 2, "num_partial_branches": 0, "covered_branches": 2, "missing_branches": 0, "percent_branches_covered": 100.0, "percent_branches_covered_display": "100.00"}, "missing_lines": [], "excluded_lines": [], "executed_branches": [[66, 67], [66, 72]], "missing_branches": []}, "CleanupThreadManager._cleanup_loop": {"executed_lines": [81, 82, 83, 86, 90, 91, 93, 94, 97, 98, 136], "summary": {"covered_lines": 11, "num_statements": 29, "percent_covered": 40.0, "percent_covered_display": "40.00", "missing_lines": 18, "excluded_lines": 0, "percent_statements_covered": 37.93103448275862, "percent_statements_covered_display": "37.93", "num_branches": 6, "num_partial_branches": 1, "covered_branches": 3, "missing_branches": 3, "percent_branches_covered": 50.0, "percent_branches_covered_display": "50.00"}, "missing_lines": [100, 102, 103, 104, 106, 107, 109, 110, 111, 113, 114, 117, 119, 120, 121, 129, 130, 134], "excluded_lines": [], "executed_branches": [[90, 91], [93, 94], [93, 97]], "missing_branches": [[90, 136], [129, 90], [129, 130]]}, "CleanupThreadManager.join": {"executed_lines": [145, 146, 147], "summary": {"covered_lines": 3, "num_statements": 4, "percent_covered": 75.0, "percent_covered_display": "75.00", "missing_lines": 1, "excluded_lines": 0, "percent_statements_covered": 75.0, "percent_statements_covered_display": "75.00", "num_branches": 4, "num_partial_branches": 1, "covered_branches": 3, "missing_branches": 1, "percent_branches_covered": 75.0, "percent_branches_covered_display": "75.00"}, "missing_lines": [148], "excluded_lines": [], "executed_branches": [[145, -138], [145, 146], [147, -138]], "missing_branches": [[147, 148]]}, "": {"executed_lines": [1, 7, 8, 9, 10, 13, 14, 17, 18, 19, 21, 43, 53, 74, 138], "summary": {"covered_lines": 13, "num_statements": 13, "percent_covered": 100.0, "percent_covered_display": "100.00", "missing_lines": 0, "excluded_lines": 0, "percent_statements_covered": 100.0, "percent_statements_covered_display": "100.00", "num_branches": 0, "num_partial_branches": 0, "covered_branches": 0, "missing_branches": 0, "percent_branches_covered": 100.0, "percent_branches_covered_display": "100.00"}, "missing_lines": [], "excluded_lines": [], "executed_branches": [], "missing_branches": []}}, "classes": {"CleanupThreadManager": {"executed_lines": [37, 38, 39, 40, 41, 45, 50, 51, 65, 66, 67, 68, 69, 72, 81, 82, 83, 86, 90, 91, 93, 94, 97, 98, 136, 145, 146, 147], "summary": {"covered_lines": 28, "num_statements": 47, "percent_covered": 61.016949152542374, "percent_covered_display": "61.02", "missing_lines": 19, "excluded_lines": 0, "percent_statements_covered": 59.57446808510638, "percent_statements_covered_display": "59.57", "num_branches": 12, "num_partial_branches": 2, "covered_branches": 8, "missing_branches": 4, "percent_branches_covered": 66.66666666666667, "percent_branches_covered_display": "66.67"}, "missing_lines": [100, 102, 103, 104, 106, 107, 109, 110, 111, 113, 114, 117, 119, 120, 121, 129, 130, 134, 148], "excluded_lines": [], "executed_branches": [[66, 67], [66, 72], [90, 91], [93, 94], [93, 97], [145, -138], [145, 146], [147, -138]], "missing_branches": [[90, 136], [129, 90], [129, 130], [147, 148]]}, "": {"executed_lines": [1, 7, 8, 9, 10, 13, 14, 17, 18, 19, 21, 43, 53, 74, 138], "summary": {"covered_lines": 13, "num_statements": 13, "percent_covered": 100.0, "percent_covered_display": "100.00", "missing_lines": 0, "excluded_lines": 0, "percent_statements_covered": 100.0, "percent_statements_covered_display": "100.00", "num_branches": 0, "num_partial_branches": 0, "covered_branches": 0, "missing_branches": 0, "percent_branches_covered": 100.0, "percent_branches_covered_display": "100.00"}, "missing_lines": [], "excluded_lines": [], "executed_branches": [], "missing_branches": []}}}, "fish_async_task/config.py": {"executed_lines": [1, 29, 30, 31, 34, 35, 38, 39, 40, 41, 42, 43, 44, 47, 48, 49, 50, 51, 52, 55, 56, 57, 58, 59, 60, 63, 64, 65, 67, 74, 76, 101, 102, 103, 105, 106, 107, 108, 112, 115, 122, 123, 124, 128, 130, 140, 141, 142, 144, 145, 146, 151, 158, 159, 160, 161, 163, 177, 182, 190, 198, 206, 214, 222, 231, 252, 253, 254, 256, 257, 258, 265, 266, 270, 272, 280, 295, 296, 297, 299, 300, 302, 303, 308], "summary": {"covered_lines": 82, "num_statements": 103, "percent_covered": 78.74015748031496, "percent_covered_display": "78.74", "missing_lines": 21, "excluded_lines": 0, "percent_statements_covered": 79.6116504854369, "percent_statements_covered_display": "79.61", "num_branches": 24, "num_partial_branches": 6, "covered_branches": 18, "missing_branches": 6, "percent_branches_covered": 75.0, "percent_branches_covered_display": "75.00"}, "missing_lines": [116, 120, 147, 148, 152, 156, 259, 263, 273, 274, 278, 301, 305, 306, 322, 331, 340, 349, 352, 355, 359], "excluded_lines": [], "executed_branches": [[102, 103], [102, 105], [107, 108], [107, 115], [115, 122], [141, 142], [141, 144], [146, 151], [151, 158], [253, 254], [253, 256], [258, 265], [265, 266], [265, 272], [296, 297], [296, 299], [300, 302], [302, 303]], "missing_branches": [[115, 116], [146, 147], [151, 152], [258, 259], [300, 301], [302, 305]], "functions": {"ConfigLoader.__init__": {"executed_lines": [74], "summary": {"covered_lines": 1, "num_statements": 1, "percent_covered": 100.0, "percent_covered_display": "100.00", "missing_lines": 0, "excluded_lines": 0, "percent_statements_covered": 100.0, "percent_statements_covered_display": "100.00", "num_branches": 0, "num_partial_branches": 0, "covered_branches": 0, "missing_branches": 0, "percent_branches_covered": 100.0, "percent_branches_covered_display": "100.00"}, "missing_lines": [], "excluded_lines": [], "executed_branches": [], "missing_branches": []}, "ConfigLoader.load_int_config": {"executed_lines": [101, 102, 103, 105, 106, 107, 108, 112, 115, 122, 123, 124, 128], "summary": {"covered_lines": 13, "num_statements": 15, "percent_covered": 85.71428571428571, "percent_covered_display": "85.71", "missing_lines": 2, "excluded_lines": 0, "percent_statements_covered": 86.66666666666667, "percent_statements_covered_display": "86.67", "num_branches": 6, "num_partial_branches": 1, "covered_branches": 5, "missing_branches": 1, "percent_branches_covered": 83.33333333333333, "percent_branches_covered_display": "83.33"}, "missing_lines": [116, 120], "excluded_lines": [], "executed_branches": [[102, 103], [102, 105], [107, 108], [107, 115], [115, 122]], "missing_branches": [[115, 116]]}, "ConfigLoader.load_timeout_config": {"executed_lines": [140, 141, 142, 144, 145, 146, 151, 158, 159, 160, 161], "summary": {"covered_lines": 11, "num_statements": 15, "percent_covered": 71.42857142857143, "percent_covered_display": "71.43", "missing_lines": 4, "excluded_lines": 0, "percent_statements_covered": 73.33333333333333, "percent_statements_covered_display": "73.33", "num_branches": 6, "num_partial_branches": 2, "covered_branches": 4, "missing_branches": 2, "percent_branches_covered": 66.66666666666667, "percent_branches_covered_display": "66.67"}, "missing_lines": [147, 148, 152, 156], "excluded_lines": [], "executed_branches": [[141, 142], [141, 144], [146, 151], [151, 158]], "missing_branches": [[146, 147], [151, 152]]}, "ConfigLoader.load_adaptive_worker_config": {"executed_lines": [177, 182, 190, 198, 206, 214, 222], "summary": {"covered_lines": 7, "num_statements": 7, "percent_covered": 100.0, "percent_covered_display": "100.00", "missing_lines": 0, "excluded_lines": 0, "percent_statements_covered": 100.0, "percent_statements_covered_display": "100.00", "num_branches": 0, "num_partial_branches": 0, "covered_branches": 0, "missing_branches": 0, "percent_branches_covered": 100.0, "percent_branches_covered_display": "100.00"}, "missing_lines": [], "excluded_lines": [], "executed_branches": [], "missing_branches": []}, "ConfigLoader._load_float_config": {"executed_lines": [252, 253, 254, 256, 257, 258, 265, 266, 270, 272], "summary": {"covered_lines": 10, "num_statements": 15, "percent_covered": 71.42857142857143, "percent_covered_display": "71.43", "missing_lines": 5, "excluded_lines": 0, "percent_statements_covered": 66.66666666666667, "percent_statements_covered_display": "66.67", "num_branches": 6, "num_partial_branches": 1, "covered_branches": 5, "missing_branches": 1, "percent_branches_covered": 83.33333333333333, "percent_branches_covered_display": "83.33"}, "missing_lines": [259, 263, 273, 274, 278], "excluded_lines": [], "executed_branches": [[253, 254], [253, 256], [258, 265], [265, 266], [265, 272]], "missing_branches": [[258, 259]]}, "ConfigLoader._load_bool_config": {"executed_lines": [295, 296, 297, 299, 300, 302, 303], "summary": {"covered_lines": 7, "num_statements": 10, "percent_covered": 68.75, "percent_covered_display": "68.75", "missing_lines": 3, "excluded_lines": 0, "percent_statements_covered": 70.0, "percent_statements_covered_display": "70.00", "num_branches": 6, "num_partial_branches": 2, "covered_branches": 4, "missing_branches": 2, "percent_branches_covered": 66.66666666666667, "percent_branches_covered_display": "66.67"}, "missing_lines": [301, 305, 306], "excluded_lines": [], "executed_branches": [[296, 297], [296, 299], [300, 302], [302, 303]], "missing_branches": [[300, 301], [302, 305]]}, "ConfigLoader.load_performance_config": {"executed_lines": [], "summary": {"covered_lines": 0, "num_statements": 7, "percent_covered": 0.0, "percent_covered_display": "0.00", "missing_lines": 7, "excluded_lines": 0, "percent_statements_covered": 0.0, "percent_statements_covered_display": "0.00", "num_branches": 0, "num_partial_branches": 0, "covered_branches": 0, "missing_branches": 0, "percent_branches_covered": 100.0, "percent_branches_covered_display": "100.00"}, "missing_lines": [322, 331, 340, 349, 352, 355, 359], "excluded_lines": [], "executed_branches": [], "missing_branches": []}, "": {"executed_lines": [1, 29, 30, 31, 34, 35, 38, 39, 40, 41, 42, 43, 44, 47, 48, 49, 50, 51, 52, 55, 56, 57, 58, 59, 60, 63, 64, 65, 67, 76, 130, 163, 231, 280, 308], "summary": {"covered_lines": 33, "num_statements": 33, "percent_covered": 100.0, "percent_covered_display": "100.00", "missing_lines": 0, "excluded_lines": 0, "percent_statements_covered": 100.0, "percent_statements_covered_display": "100.00", "num_branches": 0, "num_partial_branches": 0, "covered_branches": 0, "missing_branches": 0, "percent_branches_covered": 100.0, "percent_branches_covered_display": "100.00"}, "missing_lines": [], "excluded_lines": [], "executed_branches": [], "missing_branches": []}}, "classes": {"ConfigLoader": {"executed_lines": [74, 101, 102, 103, 105, 106, 107, 108, 112, 115, 122, 123, 124, 128, 140, 141, 142, 144, 145, 146, 151, 158, 159, 160, 161, 177, 182, 190, 198, 206, 214, 222, 252, 253, 254, 256, 257, 258, 265, 266, 270, 272, 295, 296, 297, 299, 300, 302, 303], "summary": {"covered_lines": 49, "num_statements": 70, "percent_covered": 71.27659574468085, "percent_covered_display": "71.28", "missing_lines": 21, "excluded_lines": 0, "percent_statements_covered": 70.0, "percent_statements_covered_display": "70.00", "num_branches": 24, "num_partial_branches": 6, "covered_branches": 18, "missing_branches": 6, "percent_branches_covered": 75.0, "percent_branches_covered_display": "75.00"}, "missing_lines": [116, 120, 147, 148, 152, 156, 259, 263, 273, 274, 278, 301, 305, 306, 322, 331, 340, 349, 352, 355, 359], "excluded_lines": [], "executed_branches": [[102, 103], [102, 105], [107, 108], [107, 115], [115, 122], [141, 142], [141, 144], [146, 151], [151, 158], [253, 254], [253, 256], [258, 265], [265, 266], [265, 272], [296, 297], [296, 299], [300, 302], [302, 303]], "missing_branches": [[115, 116], [146, 147], [151, 152], [258, 259], [300, 301], [302, 305]]}, "": {"executed_lines": [1, 29, 30, 31, 34, 35, 38, 39, 40, 41, 42, 43, 44, 47, 48, 49, 50, 51, 52, 55, 56, 57, 58, 59, 60, 63, 64, 65, 67, 76, 130, 163, 231, 280, 308], "summary": {"covered_lines": 33, "num_statements": 33, "percent_covered": 100.0, "percent_covered_display": "100.00", "missing_lines": 0, "excluded_lines": 0, "percent_statements_covered": 100.0, "percent_statements_covered_display": "100.00", "num_branches": 0, "num_partial_branches": 0, "covered_branches": 0, "missing_branches": 0, "percent_branches_covered": 100.0, "percent_branches_covered_display": "100.00"}, "missing_lines": [], "excluded_lines": [], "executed_branches": [], "missing_branches": []}}}, "fish_async_task/performance/__init__.py": {"executed_lines": [1, 13, 15, 16, 17, 20, 22, 30], "summary": {"covered_lines": 7, "num_statements": 7, "percent_covered": 100.0, "percent_covered_display": "100.00", "missing_lines": 0, "excluded_lines": 0, "percent_statements_covered": 100.0, "percent_statements_covered_display": "100.00", "num_branches": 0, "num_partial_branches": 0, "covered_branches": 0, "missing_branches": 0, "percent_branches_covered": 100.0, "percent_branches_covered_display": "100.00"}, "missing_lines": [], "excluded_lines": [], "executed_branches": [], "missing_branches": [], "functions": {"": {"executed_lines": [1, 13, 15, 16, 17, 20, 22, 30], "summary": {"covered_lines": 7, "num_statements": 7, "percent_covered": 100.0, "percent_covered_display": "100.00", "missing_lines": 0, "excluded_lines": 0, "percent_statements_covered": 100.0, "percent_statements_covered_display": "100.00", "num_branches": 0, "num_partial_branches": 0, "covered_branches": 0, "missing_branches": 0, "percent_branches_covered": 100.0, "percent_branches_covered_display": "100.00"}, "missing_lines": [], "excluded_lines": [], "executed_branches": [], "missing_branches": []}}, "classes": {"": {"executed_lines": [1, 13, 15, 16, 17, 20, 22, 30], "summary": {"covered_lines": 7, "num_statements": 7, "percent_covered": 100.0, "percent_covered_display": "100.00", "missing_lines": 0, "excluded_lines": 0, "percent_statements_covered": 100.0, "percent_statements_covered_display": "100.00", "num_branches": 0, "num_partial_branches": 0, "covered_branches": 0, "missing_branches": 0, "percent_branches_covered": 100.0, "percent_branches_covered_display": "100.00"}, "missing_lines": [], "excluded_lines": [], "executed_branches": [], "missing_branches": []}}}, "fish_async_task/performance/_logging.py": {"executed_lines": [1, 7, 10, 13, 21, 24, 25, 26, 29, 33, 35, 38, 45, 49, 50], "summary": {"covered_lines": 14, "num_statements": 14, "percent_covered": 88.88888888888889, "percent_covered_display": "88.89", "missing_lines": 0, "excluded_lines": 0, "percent_statements_covered": 100.0, "percent_statements_covered_display": "100.00", "num_branches": 4, "num_partial_branches": 2, "covered_branches": 2, "missing_branches": 2, "percent_branches_covered": 50.0, "percent_branches_covered_display": "50.00"}, "missing_lines": [], "excluded_lines": [], "executed_branches": [[24, 25], [49, 50]], "missing_branches": [[24, -13], [49, -1]], "functions": {"configure_logging": {"executed_lines": [21, 24, 25, 26, 29, 33, 35], "summary": {"covered_lines": 7, "num_statements": 7, "percent_covered": 88.88888888888889, "percent_covered_display": "88.89", "missing_lines": 0, "excluded_lines": 0, "percent_statements_covered": 100.0, "percent_statements_covered_display": "100.00", "num_branches": 2, "num_partial_branches": 1, "covered_branches": 1, "missing_branches": 1, "percent_branches_covered": 50.0, "percent_branches_covered_display": "50.00"}, "missing_lines": [], "excluded_lines": [], "executed_branches": [[24, 25]], "missing_branches": [[24, -13]]}, "get_logger": {"executed_lines": [45], "summary": {"covered_lines": 1, "num_statements": 1, "percent_covered": 100.0, "percent_covered_display": "100.00", "missing_lines": 0, "excluded_lines": 0, "percent_statements_covered": 100.0, "percent_statements_covered_display": "100.00", "num_branches": 0, "num_partial_branches": 0, "covered_branches": 0, "missing_branches": 0, "percent_branches_covered": 100.0, "percent_branches_covered_display": "100.00"}, "missing_lines": [], "excluded_lines": [], "executed_branches": [], "missing_branches": []}, "": {"executed_lines": [1, 7, 10, 13, 38, 49, 50], "summary": {"covered_lines": 6, "num_statements": 6, "percent_covered": 87.5, "percent_covered_display": "87.50", "missing_lines": 0, "excluded_lines": 0, "percent_statements_covered": 100.0, "percent_statements_covered_display": "100.00", "num_branches": 2, "num_partial_branches": 1, "covered_branches": 1, "missing_branches": 1, "percent_branches_covered": 50.0, "percent_branches_covered_display": "50.00"}, "missing_lines": [], "excluded_lines": [], "executed_branches": [[49, 50]], "missing_branches": [[49, -1]]}}, "classes": {"": {"executed_lines": [1, 7, 10, 13, 21, 24, 25, 26, 29, 33, 35, 38, 45, 49, 50], "summary": {"covered_lines": 14, "num_statements": 14, "percent_covered": 88.88888888888889, "percent_covered_display": "88.89", "missing_lines": 0, "excluded_lines": 0, "percent_statements_covered": 100.0, "percent_statements_covered_display": "100.00", "num_branches": 4, "num_partial_branches": 2, "covered_branches": 2, "missing_branches": 2, "percent_branches_covered": 50.0, "percent_branches_covered_display": "50.00"}, "missing_lines": [], "excluded_lines": [], "executed_branches": [[24, 25], [49, 50]], "missing_branches": [[24, -13], [49, -1]]}}}, "fish_async_task/performance/_utils.py": {"executed_lines": [1, 10, 11, 12, 15, 37, 41, 43, 45, 48, 63, 66, 88, 109, 126, 141, 142, 144, 145, 148], "summary": {"covered_lines": 19, "num_statements": 30, "percent_covered": 62.5, "percent_covered_display": "62.50", "missing_lines": 11, "excluded_lines": 0, "percent_statements_covered": 63.333333333333336, "percent_statements_covered_display": "63.33", "num_branches": 10, "num_partial_branches": 2, "covered_branches": 6, "missing_branches": 4, "percent_branches_covered": 60.0, "percent_branches_covered_display": "60.00"}, "missing_lines": [38, 83, 84, 85, 100, 101, 104, 105, 106, 123, 150], "excluded_lines": [], "executed_branches": [[37, 41], [141, 142], [141, 144], [144, 145], [144, 148], [148, -126]], "missing_branches": [[37, 38], [83, 84], [83, 85], [148, 150]], "functions": {"compute_shard_index": {"executed_lines": [37, 41, 43, 45], "summary": {"covered_lines": 4, "num_statements": 5, "percent_covered": 71.42857142857143, "percent_covered_display": "71.43", "missing_lines": 1, "excluded_lines": 0, "percent_statements_covered": 80.0, "percent_statements_covered_display": "80.00", "num_branches": 2, "num_partial_branches": 1, "covered_branches": 1, "missing_branches": 1, "percent_branches_covered": 50.0, "percent_branches_covered_display": "50.00"}, "missing_lines": [38], "excluded_lines": [], "executed_branches": [[37, 41]], "missing_branches": [[37, 38]]}, "compute_expiry_time": {"executed_lines": [63], "summary": {"covered_lines": 1, "num_statements": 1, "percent_covered": 100.0, "percent_covered_display": "100.00", "missing_lines": 0, "excluded_lines": 0, "percent_statements_covered": 100.0, "percent_statements_covered_display": "100.00", "num_branches": 0, "num_partial_branches": 0, "covered_branches": 0, "missing_branches": 0, "percent_branches_covered": 100.0, "percent_branches_covered_display": "100.00"}, "missing_lines": [], "excluded_lines": [], "executed_branches": [], "missing_branches": []}, "is_expired": {"executed_lines": [], "summary": {"covered_lines": 0, "num_statements": 3, "percent_covered": 0.0, "percent_covered_display": "0.00", "missing_lines": 3, "excluded_lines": 0, "percent_statements_covered": 0.0, "percent_statements_covered_display": "0.00", "num_branches": 2, "num_partial_branches": 0, "covered_branches": 0, "missing_branches": 2, "percent_branches_covered": 0.0, "percent_branches_covered_display": "0.00"}, "missing_lines": [83, 84, 85], "excluded_lines": [], "executed_branches": [], "missing_branches": [[83, 84], [83, 85]]}, "get_cpu_usage": {"executed_lines": [], "summary": {"covered_lines": 0, "num_statements": 5, "percent_covered": 0.0, "percent_covered_display": "0.00", "missing_lines": 5, "excluded_lines": 0, "percent_statements_covered": 0.0, "percent_statements_covered_display": "0.00", "num_branches": 0, "num_partial_branches": 0, "covered_branches": 0, "missing_branches": 0, "percent_branches_covered": 100.0, "percent_branches_covered_display": "100.00"}, "missing_lines": [100, 101, 104, 105, 106], "excluded_lines": [], "executed_branches": [], "missing_branches": []}, "format_timestamp": {"executed_lines": [], "summary": {"covered_lines": 0, "num_statements": 1, "percent_covered": 0.0, "percent_covered_display": "0.00", "missing_lines": 1, "excluded_lines": 0, "percent_statements_covered": 0.0, "percent_statements_covered_display": "0.00", "num_branches": 0, "num_partial_branches": 0, "covered_branches": 0, "missing_branches": 0, "percent_branches_covered": 100.0, "percent_branches_covered_display": "100.00"}, "missing_lines": [123], "excluded_lines": [], "executed_branches": [], "missing_branches": []}, "validate_shard_count": {"executed_lines": [141, 142, 144, 145, 148], "summary": {"covered_lines": 5, "num_statements": 6, "percent_covered": 83.33333333333333, "percent_covered_display": "83.33", "missing_lines": 1, "excluded_lines": 0, "percent_statements_covered": 83.33333333333333, "percent_statements_covered_display": "83.33", "num_branches": 6, "num_partial_branches": 1, "covered_branches": 5, "missing_branches": 1, "percent_branches_covered": 83.33333333333333, "percent_branches_covered_display": "83.33"}, "missing_lines": [150], "excluded_lines": [], "executed_branches": [[141, 142], [141, 144], [144, 145], [144, 148], [148, -126]], "missing_branches": [[148, 150]]}, "": {"executed_lines": [1, 10, 11, 12, 15, 48, 66, 88, 109, 126], "summary": {"covered_lines": 9, "num_statements": 9, "percent_covered": 100.0, "percent_covered_display": "100.00", "missing_lines": 0, "excluded_lines": 0, "percent_statements_covered": 100.0, "percent_statements_covered_display": "100.00", "num_branches": 0, "num_partial_branches": 0, "covered_branches": 0, "missing_branches": 0, "percent_branches_covered": 100.0, "percent_branches_covered_display": "100.00"}, "missing_lines": [], "excluded_lines": [], "executed_branches": [], "missing_branches": []}}, "classes": {"": {"executed_lines": [1, 10, 11, 12, 15, 37, 41, 43, 45, 48, 63, 66, 88, 109, 126, 141, 142, 144, 145, 148], "summary": {"covered_lines": 19, "num_statements": 30, "percent_covered": 62.5, "percent_covered_display": "62.50", "missing_lines": 11, "excluded_lines": 0, "percent_statements_covered": 63.333333333333336, "percent_statements_covered_display": "63.33", "num_branches": 10, "num_partial_branches": 2, "covered_branches": 6, "missing_branches": 4, "percent_branches_covered": 60.0, "percent_branches_covered_display": "60.00"}, "missing_lines": [38, 83, 84, 85, 100, 101, 104, 105, 106, 123, 150], "excluded_lines": [], "executed_branches": [[37, 41], [141, 142], [141, 144], [144, 145], [144, 148], [148, -126]], "missing_branches": [[37, 38], [83, 84], [83, 85], [148, 150]]}}}, "fish_async_task/performance/adaptive_scaling.py": {"executed_lines": [1, 7, 8, 9, 10, 12, 15, 16, 45, 68, 70, 74, 76, 78, 80, 83, 84, 85, 86, 87, 88, 91, 92, 95, 96, 97, 100, 102, 107, 134, 135, 138, 139, 140, 142, 143, 144, 147, 148, 151, 152, 155, 156, 157, 159, 160, 164, 166, 168, 192, 193, 196, 197, 198, 200, 201, 202, 205, 208, 209, 210, 211, 213, 217, 222, 224, 238, 241, 242, 244, 261, 262, 263, 264, 266, 282, 283, 286, 295, 323, 324, 325, 327], "summary": {"covered_lines": 81, "num_statements": 93, "percent_covered": 84.25196850393701, "percent_covered_display": "84.25", "missing_lines": 12, "excluded_lines": 0, "percent_statements_covered": 87.09677419354838, "percent_statements_covered_display": "87.10", "num_branches": 34, "num_partial_branches": 8, "covered_branches": 26, "missing_branches": 8, "percent_branches_covered": 76.47058823529412, "percent_branches_covered_display": "76.47"}, "missing_lines": [69, 71, 75, 77, 79, 81, 239, 287, 289, 290, 292, 293], "excluded_lines": [], "executed_branches": [[68, 70], [70, 74], [74, 76], [76, 78], [78, 80], [80, 83], [134, 135], [134, 138], [142, 143], [142, 147], [147, 148], [147, 151], [151, 152], [151, 155], [155, 156], [155, 166], [192, 193], [192, 196], [200, 201], [200, 205], [208, 209], [208, 222], [209, 210], [238, 241], [262, 263], [262, 264]], "missing_branches": [[68, 69], [70, 71], [74, 75], [76, 77], [78, 79], [80, 81], [209, 222], [238, 239]], "functions": {"AdaptiveWorkerManager.__init__": {"executed_lines": [68, 70, 74, 76, 78, 80, 83, 84, 85, 86, 87, 88, 91, 92, 95, 96, 97, 100, 102], "summary": {"covered_lines": 19, "num_statements": 25, "percent_covered": 67.56756756756756, "percent_covered_display": "67.57", "missing_lines": 6, "excluded_lines": 0, "percent_statements_covered": 76.0, "percent_statements_covered_display": "76.00", "num_branches": 12, "num_partial_branches": 6, "covered_branches": 6, "missing_branches": 6, "percent_branches_covered": 50.0, "percent_branches_covered_display": "50.00"}, "missing_lines": [69, 71, 75, 77, 79, 81], "excluded_lines": [], "executed_branches": [[68, 70], [70, 74], [74, 76], [76, 78], [78, 80], [80, 83]], "missing_branches": [[68, 69], [70, 71], [74, 75], [76, 77], [78, 79], [80, 81]]}, "AdaptiveWorkerManager.should_scale_up": {"executed_lines": [134, 135, 138, 139, 140, 142, 143, 144, 147, 148, 151, 152, 155, 156, 157, 159, 160, 164, 166], "summary": {"covered_lines": 19, "num_statements": 19, "percent_covered": 100.0, "percent_covered_display": "100.00", "missing_lines": 0, "excluded_lines": 0, "percent_statements_covered": 100.0, "percent_statements_covered_display": "100.00", "num_branches": 10, "num_partial_branches": 0, "covered_branches": 10, "missing_branches": 0, "percent_branches_covered": 100.0, "percent_branches_covered_display": "100.00"}, "missing_lines": [], "excluded_lines": [], "executed_branches": [[134, 135], [134, 138], [142, 143], [142, 147], [147, 148], [147, 151], [151, 152], [151, 155], [155, 156], [155, 166]], "missing_branches": []}, "AdaptiveWorkerManager.should_scale_down": {"executed_lines": [192, 193, 196, 197, 198, 200, 201, 202, 205, 208, 209, 210, 211, 213, 217, 222], "summary": {"covered_lines": 16, "num_statements": 16, "percent_covered": 95.83333333333333, "percent_covered_display": "95.83", "missing_lines": 0, "excluded_lines": 0, "percent_statements_covered": 100.0, "percent_statements_covered_display": "100.00", "num_branches": 8, "num_partial_branches": 1, "covered_branches": 7, "missing_branches": 1, "percent_branches_covered": 87.5, "percent_branches_covered_display": "87.50"}, "missing_lines": [], "excluded_lines": [], "executed_branches": [[192, 193], [192, 196], [200, 201], [200, 205], [208, 209], [208, 222], [209, 210]], "missing_branches": [[209, 222]]}, "AdaptiveWorkerManager.record_task_time": {"executed_lines": [238, 241, 242], "summary": {"covered_lines": 3, "num_statements": 4, "percent_covered": 66.66666666666667, "percent_covered_display": "66.67", "missing_lines": 1, "excluded_lines": 0, "percent_statements_covered": 75.0, "percent_statements_covered_display": "75.00", "num_branches": 2, "num_partial_branches": 1, "covered_branches": 1, "missing_branches": 1, "percent_branches_covered": 50.0, "percent_branches_covered_display": "50.00"}, "missing_lines": [239], "excluded_lines": [], "executed_branches": [[238, 241]], "missing_branches": [[238, 239]]}, "AdaptiveWorkerManager.get_avg_task_time": {"executed_lines": [261, 262, 263, 264], "summary": {"covered_lines": 4, "num_statements": 4, "percent_covered": 100.0, "percent_covered_display": "100.00", "missing_lines": 0, "excluded_lines": 0, "percent_statements_covered": 100.0, "percent_statements_covered_display": "100.00", "num_branches": 2, "num_partial_branches": 0, "covered_branches": 2, "missing_branches": 0, "percent_branches_covered": 100.0, "percent_branches_covered_display": "100.00"}, "missing_lines": [], "excluded_lines": [], "executed_branches": [[262, 263], [262, 264]], "missing_branches": []}, "AdaptiveWorkerManager.get_cpu_usage": {"executed_lines": [282, 283, 286], "summary": {"covered_lines": 3, "num_statements": 8, "percent_covered": 37.5, "percent_covered_display": "37.50", "missing_lines": 5, "excluded_lines": 0, "percent_statements_covered": 37.5, "percent_statements_covered_display": "37.50", "num_branches": 0, "num_partial_branches": 0, "covered_branches": 0, "missing_branches": 0, "percent_branches_covered": 100.0, "percent_branches_covered_display": "100.00"}, "missing_lines": [287, 289, 290, 292, 293], "excluded_lines": [], "executed_branches": [], "missing_branches": []}, "AdaptiveWorkerManager.get_scaling_metrics": {"executed_lines": [323, 324, 325, 327], "summary": {"covered_lines": 4, "num_statements": 4, "percent_covered": 100.0, "percent_covered_display": "100.00", "missing_lines": 0, "excluded_lines": 0, "percent_statements_covered": 100.0, "percent_statements_covered_display": "100.00", "num_branches": 0, "num_partial_branches": 0, "covered_branches": 0, "missing_branches": 0, "percent_branches_covered": 100.0, "percent_branches_covered_display": "100.00"}, "missing_lines": [], "excluded_lines": [], "executed_branches": [], "missing_branches": []}, "": {"executed_lines": [1, 7, 8, 9, 10, 12, 15, 16, 45, 107, 168, 224, 244, 266, 295], "summary": {"covered_lines": 13, "num_statements": 13, "percent_covered": 100.0, "percent_covered_display": "100.00", "missing_lines": 0, "excluded_lines": 0, "percent_statements_covered": 100.0, "percent_statements_covered_display": "100.00", "num_branches": 0, "num_partial_branches": 0, "covered_branches": 0, "missing_branches": 0, "percent_branches_covered": 100.0, "percent_branches_covered_display": "100.00"}, "missing_lines": [], "excluded_lines": [], "executed_branches": [], "missing_branches": []}}, "classes": {"AdaptiveWorkerManager": {"executed_lines": [68, 70, 74, 76, 78, 80, 83, 84, 85, 86, 87, 88, 91, 92, 95, 96, 97, 100, 102, 134, 135, 138, 139, 140, 142, 143, 144, 147, 148, 151, 152, 155, 156, 157, 159, 160, 164, 166, 192, 193, 196, 197, 198, 200, 201, 202, 205, 208, 209, 210, 211, 213, 217, 222, 238, 241, 242, 261, 262, 263, 264, 282, 283, 286, 323, 324, 325, 327], "summary": {"covered_lines": 68, "num_statements": 80, "percent_covered": 82.45614035087719, "percent_covered_display": "82.46", "missing_lines": 12, "excluded_lines": 0, "percent_statements_covered": 85.0, "percent_statements_covered_display": "85.00", "num_branches": 34, "num_partial_branches": 8, "covered_branches": 26, "missing_branches": 8, "percent_branches_covered": 76.47058823529412, "percent_branches_covered_display": "76.47"}, "missing_lines": [69, 71, 75, 77, 79, 81, 239, 287, 289, 290, 292, 293], "excluded_lines": [], "executed_branches": [[68, 70], [70, 74], [74, 76], [76, 78], [78, 80], [80, 83], [134, 135], [134, 138], [142, 143], [142, 147], [147, 148], [147, 151], [151, 152], [151, 155], [155, 156], [155, 166], [192, 193], [192, 196], [200, 201], [200, 205], [208, 209], [208, 222], [209, 210], [238, 241], [262, 263], [262, 264]], "missing_branches": [[68, 69], [70, 71], [74, 75], [76, 77], [78, 79], [80, 81], [209, 222], [238, 239]]}, "": {"executed_lines": [1, 7, 8, 9, 10, 12, 15, 16, 45, 107, 168, 224, 244, 266, 295], "summary": {"covered_lines": 13, "num_statements": 13, "percent_covered": 100.0, "percent_covered_display": "100.00", "missing_lines": 0, "excluded_lines": 0, "percent_statements_covered": 100.0, "percent_statements_covered_display": "100.00", "num_branches": 0, "num_partial_branches": 0, "covered_branches": 0, "missing_branches": 0, "percent_branches_covered": 100.0, "percent_branches_covered_display": "100.00"}, "missing_lines": [], "excluded_lines": [], "executed_branches": [], "missing_branches": []}}}, "fish_async_task/performance/batch_updater.py": {"executed_lines": [1, 7, 8, 9, 10, 12, 13, 16, 17, 41, 58, 60, 63, 64, 67, 68, 70, 73, 76, 79, 82, 85, 87, 91, 111, 114, 116, 117, 120, 121, 122, 125, 128, 129, 130, 132, 148, 149, 151, 158, 159, 162, 163, 164, 165, 168, 170, 171, 173, 175, 195, 198, 200, 202, 218, 219, 221, 235, 236, 238, 239, 240], "summary": {"covered_lines": 60, "num_statements": 64, "percent_covered": 88.37209302325581, "percent_covered_display": "88.37", "missing_lines": 4, "excluded_lines": 0, "percent_statements_covered": 93.75, "percent_statements_covered_display": "93.75", "num_branches": 22, "num_partial_branches": 6, "covered_branches": 16, "missing_branches": 6, "percent_branches_covered": 72.72727272727273, "percent_branches_covered_display": "72.73"}, "missing_lines": [59, 61, 112, 196], "excluded_lines": [], "executed_branches": [[58, 60], [60, 63], [67, 68], [67, 70], [111, 114], [120, 121], [120, 125], [128, -91], [128, 129], [158, 159], [158, 162], [163, 164], [163, 168], [170, 171], [195, 198], [236, 238]], "missing_branches": [[58, 59], [60, 61], [111, 112], [170, 173], [195, 196], [236, -221]], "functions": {"BatchedStatusUpdater.__init__": {"executed_lines": [58, 60, 63, 64, 67, 68, 70, 73, 76, 79, 82, 85, 87], "summary": {"covered_lines": 13, "num_statements": 15, "percent_covered": 80.95238095238095, "percent_covered_display": "80.95", "missing_lines": 2, "excluded_lines": 0, "percent_statements_covered": 86.66666666666667, "percent_statements_covered_display": "86.67", "num_branches": 6, "num_partial_branches": 2, "covered_branches": 4, "missing_branches": 2, "percent_branches_covered": 66.66666666666667, "percent_branches_covered_display": "66.67"}, "missing_lines": [59, 61], "excluded_lines": [], "executed_branches": [[58, 60], [60, 63], [67, 68], [67, 70]], "missing_branches": [[58, 59], [60, 61]]}, "BatchedStatusUpdater.queue_update": {"executed_lines": [111, 114, 116, 117, 120, 121, 122, 125, 128, 129, 130], "summary": {"covered_lines": 11, "num_statements": 12, "percent_covered": 88.88888888888889, "percent_covered_display": "88.89", "missing_lines": 1, "excluded_lines": 0, "percent_statements_covered": 91.66666666666667, "percent_statements_covered_display": "91.67", "num_branches": 6, "num_partial_branches": 1, "covered_branches": 5, "missing_branches": 1, "percent_branches_covered": 83.33333333333333, "percent_branches_covered_display": "83.33"}, "missing_lines": [112], "excluded_lines": [], "executed_branches": [[111, 114], [120, 121], [120, 125], [128, -91], [128, 129]], "missing_branches": [[111, 112]]}, "BatchedStatusUpdater.flush": {"executed_lines": [148, 149], "summary": {"covered_lines": 2, "num_statements": 2, "percent_covered": 100.0, "percent_covered_display": "100.00", "missing_lines": 0, "excluded_lines": 0, "percent_statements_covered": 100.0, "percent_statements_covered_display": "100.00", "num_branches": 0, "num_partial_branches": 0, "covered_branches": 0, "missing_branches": 0, "percent_branches_covered": 100.0, "percent_branches_covered_display": "100.00"}, "missing_lines": [], "excluded_lines": [], "executed_branches": [], "missing_branches": []}, "BatchedStatusUpdater._flush_unlocked": {"executed_lines": [158, 159, 162, 163, 164, 165, 168, 170, 171, 173], "summary": {"covered_lines": 10, "num_statements": 10, "percent_covered": 93.75, "percent_covered_display": "93.75", "missing_lines": 0, "excluded_lines": 0, "percent_statements_covered": 100.0, "percent_statements_covered_display": "100.00", "num_branches": 6, "num_partial_branches": 1, "covered_branches": 5, "missing_branches": 1, "percent_branches_covered": 83.33333333333333, "percent_branches_covered_display": "83.33"}, "missing_lines": [], "excluded_lines": [], "executed_branches": [[158, 159], [158, 162], [163, 164], [163, 168], [170, 171]], "missing_branches": [[170, 173]]}, "BatchedStatusUpdater.update_sync": {"executed_lines": [195, 198, 200], "summary": {"covered_lines": 3, "num_statements": 4, "percent_covered": 66.66666666666667, "percent_covered_display": "66.67", "missing_lines": 1, "excluded_lines": 0, "percent_statements_covered": 75.0, "percent_statements_covered_display": "75.00", "num_branches": 2, "num_partial_branches": 1, "covered_branches": 1, "missing_branches": 1, "percent_branches_covered": 50.0, "percent_branches_covered_display": "50.00"}, "missing_lines": [196], "excluded_lines": [], "executed_branches": [[195, 198]], "missing_branches": [[195, 196]]}, "BatchedStatusUpdater.get_buffer_length": {"executed_lines": [218, 219], "summary": {"covered_lines": 2, "num_statements": 2, "percent_covered": 100.0, "percent_covered_display": "100.00", "missing_lines": 0, "excluded_lines": 0, "percent_statements_covered": 100.0, "percent_statements_covered_display": "100.00", "num_branches": 0, "num_partial_branches": 0, "covered_branches": 0, "missing_branches": 0, "percent_branches_covered": 100.0, "percent_branches_covered_display": "100.00"}, "missing_lines": [], "excluded_lines": [], "executed_branches": [], "missing_branches": []}, "BatchedStatusUpdater.close": {"executed_lines": [235, 236, 238, 239, 240], "summary": {"covered_lines": 5, "num_statements": 5, "percent_covered": 85.71428571428571, "percent_covered_display": "85.71", "missing_lines": 0, "excluded_lines": 0, "percent_statements_covered": 100.0, "percent_statements_covered_display": "100.00", "num_branches": 2, "num_partial_branches": 1, "covered_branches": 1, "missing_branches": 1, "percent_branches_covered": 50.0, "percent_branches_covered_display": "50.00"}, "missing_lines": [], "excluded_lines": [], "executed_branches": [[236, 238]], "missing_branches": [[236, -221]]}, "": {"executed_lines": [1, 7, 8, 9, 10, 12, 13, 16, 17, 41, 91, 132, 151, 175, 202, 221], "summary": {"covered_lines": 14, "num_statements": 14, "percent_covered": 100.0, "percent_covered_display": "100.00", "missing_lines": 0, "excluded_lines": 0, "percent_statements_covered": 100.0, "percent_statements_covered_display": "100.00", "num_branches": 0, "num_partial_branches": 0, "covered_branches": 0, "missing_branches": 0, "percent_branches_covered": 100.0, "percent_branches_covered_display": "100.00"}, "missing_lines": [], "excluded_lines": [], "executed_branches": [], "missing_branches": []}}, "classes": {"BatchedStatusUpdater": {"executed_lines": [58, 60, 63, 64, 67, 68, 70, 73, 76, 79, 82, 85, 87, 111, 114, 116, 117, 120, 121, 122, 125, 128, 129, 130, 148, 149, 158, 159, 162, 163, 164, 165, 168, 170, 171, 173, 195, 198, 200, 218, 219, 235, 236, 238, 239, 240], "summary": {"covered_lines": 46, "num_statements": 50, "percent_covered": 86.11111111111111, "percent_covered_display": "86.11", "missing_lines": 4, "excluded_lines": 0, "percent_statements_covered": 92.0, "percent_statements_covered_display": "92.00", "num_branches": 22, "num_partial_branches": 6, "covered_branches": 16, "missing_branches": 6, "percent_branches_covered": 72.72727272727273, "percent_branches_covered_display": "72.73"}, "missing_lines": [59, 61, 112, 196], "excluded_lines": [], "executed_branches": [[58, 60], [60, 63], [67, 68], [67, 70], [111, 114], [120, 121], [120, 125], [128, -91], [128, 129], [158, 159], [158, 162], [163, 164], [163, 168], [170, 171], [195, 198], [236, 238]], "missing_branches": [[58, 59], [60, 61], [111, 112], [170, 173], [195, 196], [236, -221]]}, "": {"executed_lines": [1, 7, 8, 9, 10, 12, 13, 16, 17, 41, 91, 132, 151, 175, 202, 221], "summary": {"covered_lines": 14, "num_statements": 14, "percent_covered": 100.0, "percent_covered_display": "100.00", "missing_lines": 0, "excluded_lines": 0, "percent_statements_covered": 100.0, "percent_statements_covered_display": "100.00", "num_branches": 0, "num_partial_branches": 0, "covered_branches": 0, "missing_branches": 0, "percent_branches_covered": 100.0, "percent_branches_covered_display": "100.00"}, "missing_lines": [], "excluded_lines": [], "executed_branches": [], "missing_branches": []}}}, "fish_async_task/performance/priority_cleanup.py": {"executed_lines": [1, 12, 13, 14, 15, 16, 18, 19, 20, 23, 24, 35, 45, 48, 49, 52, 55, 58, 60, 62, 85, 87, 90, 91, 92, 93, 94, 98, 111, 112, 114, 142, 143, 144, 147, 149, 150, 153, 156, 157, 160, 163, 165, 166, 167, 168, 169, 171, 172, 174, 176, 200, 201, 203, 204, 207, 210, 211, 213, 219, 222, 225, 228, 229, 230, 231, 232, 235, 238, 240, 241, 245, 247, 266, 267, 269, 279, 280], "summary": {"covered_lines": 76, "num_statements": 77, "percent_covered": 94.1747572815534, "percent_covered_display": "94.17", "missing_lines": 1, "excluded_lines": 0, "percent_statements_covered": 98.7012987012987, "percent_statements_covered_display": "98.70", "num_branches": 26, "num_partial_branches": 5, "covered_branches": 21, "missing_branches": 5, "percent_branches_covered": 80.76923076923077, "percent_branches_covered_display": "80.77"}, "missing_lines": [46], "excluded_lines": [], "executed_branches": [[45, 48], [91, -62], [91, 92], [147, 149], [147, 171], [149, 150], [149, 153], [156, 157], [156, 160], [163, 165], [167, 168], [171, 172], [171, 174], [203, 204], [203, 207], [211, 213], [211, 222], [229, 230], [229, 235], [230, 231], [240, 241]], "missing_branches": [[45, 46], [163, 147], [167, 147], [230, 229], [240, 245]], "functions": {"TaskStatusWithExpiry.__init__": {"executed_lines": [45, 48, 49, 52, 55, 58, 60], "summary": {"covered_lines": 7, "num_statements": 8, "percent_covered": 80.0, "percent_covered_display": "80.00", "missing_lines": 1, "excluded_lines": 0, "percent_statements_covered": 87.5, "percent_statements_covered_display": "87.50", "num_branches": 2, "num_partial_branches": 1, "covered_branches": 1, "missing_branches": 1, "percent_branches_covered": 50.0, "percent_branches_covered_display": "50.00"}, "missing_lines": [46], "excluded_lines": [], "executed_branches": [[45, 48]], "missing_branches": [[45, 46]]}, "TaskStatusWithExpiry.add_task": {"executed_lines": [85, 87, 90, 91, 92, 93, 94], "summary": {"covered_lines": 7, "num_statements": 7, "percent_covered": 100.0, "percent_covered_display": "100.00", "missing_lines": 0, "excluded_lines": 0, "percent_statements_covered": 100.0, "percent_statements_covered_display": "100.00", "num_branches": 2, "num_partial_branches": 0, "covered_branches": 2, "missing_branches": 0, "percent_branches_covered": 100.0, "percent_branches_covered_display": "100.00"}, "missing_lines": [], "excluded_lines": [], "executed_branches": [[91, -62], [91, 92]], "missing_branches": []}, "TaskStatusWithExpiry.get_task": {"executed_lines": [111, 112], "summary": {"covered_lines": 2, "num_statements": 2, "percent_covered": 100.0, "percent_covered_display": "100.00", "missing_lines": 0, "excluded_lines": 0, "percent_statements_covered": 100.0, "percent_statements_covered_display": "100.00", "num_branches": 0, "num_partial_branches": 0, "covered_branches": 0, "missing_branches": 0, "percent_branches_covered": 100.0, "percent_branches_covered_display": "100.00"}, "missing_lines": [], "excluded_lines": [], "executed_branches": [], "missing_branches": []}, "TaskStatusWithExpiry.cleanup_expired": {"executed_lines": [142, 143, 144, 147, 149, 150, 153, 156, 157, 160, 163, 165, 166, 167, 168, 169, 171, 172, 174], "summary": {"covered_lines": 19, "num_statements": 19, "percent_covered": 93.54838709677419, "percent_covered_display": "93.55", "missing_lines": 0, "excluded_lines": 0, "percent_statements_covered": 100.0, "percent_statements_covered_display": "100.00", "num_branches": 12, "num_partial_branches": 2, "covered_branches": 10, "missing_branches": 2, "percent_branches_covered": 83.33333333333333, "percent_branches_covered_display": "83.33"}, "missing_lines": [], "excluded_lines": [], "executed_branches": [[147, 149], [147, 171], [149, 150], [149, 153], [156, 157], [156, 160], [163, 165], [167, 168], [171, 172], [171, 174]], "missing_branches": [[163, 147], [167, 147]]}, "TaskStatusWithExpiry.enforce_max_count": {"executed_lines": [200, 201, 203, 204, 207, 210, 211, 213, 219, 222, 225, 228, 229, 230, 231, 232, 235, 238, 240, 241, 245], "summary": {"covered_lines": 21, "num_statements": 21, "percent_covered": 93.54838709677419, "percent_covered_display": "93.55", "missing_lines": 0, "excluded_lines": 0, "percent_statements_covered": 100.0, "percent_statements_covered_display": "100.00", "num_branches": 10, "num_partial_branches": 2, "covered_branches": 8, "missing_branches": 2, "percent_branches_covered": 80.0, "percent_branches_covered_display": "80.00"}, "missing_lines": [], "excluded_lines": [], "executed_branches": [[203, 204], [203, 207], [211, 213], [211, 222], [229, 230], [229, 235], [230, 231], [240, 241]], "missing_branches": [[230, 229], [240, 245]]}, "TaskStatusWithExpiry.get_task_count": {"executed_lines": [266, 267], "summary": {"covered_lines": 2, "num_statements": 2, "percent_covered": 100.0, "percent_covered_display": "100.00", "missing_lines": 0, "excluded_lines": 0, "percent_statements_covered": 100.0, "percent_statements_covered_display": "100.00", "num_branches": 0, "num_partial_branches": 0, "covered_branches": 0, "missing_branches": 0, "percent_branches_covered": 100.0, "percent_branches_covered_display": "100.00"}, "missing_lines": [], "excluded_lines": [], "executed_branches": [], "missing_branches": []}, "TaskStatusWithExpiry.get_all_statuses": {"executed_lines": [279, 280], "summary": {"covered_lines": 2, "num_statements": 2, "percent_covered": 100.0, "percent_covered_display": "100.00", "missing_lines": 0, "excluded_lines": 0, "percent_statements_covered": 100.0, "percent_statements_covered_display": "100.00", "num_branches": 0, "num_partial_branches": 0, "covered_branches": 0, "missing_branches": 0, "percent_branches_covered": 100.0, "percent_branches_covered_display": "100.00"}, "missing_lines": [], "excluded_lines": [], "executed_branches": [], "missing_branches": []}, "": {"executed_lines": [1, 12, 13, 14, 15, 16, 18, 19, 20, 23, 24, 35, 62, 98, 114, 176, 247, 269], "summary": {"covered_lines": 16, "num_statements": 16, "percent_covered": 100.0, "percent_covered_display": "100.00", "missing_lines": 0, "excluded_lines": 0, "percent_statements_covered": 100.0, "percent_statements_covered_display": "100.00", "num_branches": 0, "num_partial_branches": 0, "covered_branches": 0, "missing_branches": 0, "percent_branches_covered": 100.0, "percent_branches_covered_display": "100.00"}, "missing_lines": [], "excluded_lines": [], "executed_branches": [], "missing_branches": []}}, "classes": {"TaskStatusWithExpiry": {"executed_lines": [45, 48, 49, 52, 55, 58, 60, 85, 87, 90, 91, 92, 93, 94, 111, 112, 142, 143, 144, 147, 149, 150, 153, 156, 157, 160, 163, 165, 166, 167, 168, 169, 171, 172, 174, 200, 201, 203, 204, 207, 210, 211, 213, 219, 222, 225, 228, 229, 230, 231, 232, 235, 238, 240, 241, 245, 266, 267, 279, 280], "summary": {"covered_lines": 60, "num_statements": 61, "percent_covered": 93.10344827586206, "percent_covered_display": "93.10", "missing_lines": 1, "excluded_lines": 0, "percent_statements_covered": 98.36065573770492, "percent_statements_covered_display": "98.36", "num_branches": 26, "num_partial_branches": 5, "covered_branches": 21, "missing_branches": 5, "percent_branches_covered": 80.76923076923077, "percent_branches_covered_display": "80.77"}, "missing_lines": [46], "excluded_lines": [], "executed_branches": [[45, 48], [91, -62], [91, 92], [147, 149], [147, 171], [149, 150], [149, 153], [156, 157], [156, 160], [163, 165], [167, 168], [171, 172], [171, 174], [203, 204], [203, 207], [211, 213], [211, 222], [229, 230], [229, 235], [230, 231], [240, 241]], "missing_branches": [[45, 46], [163, 147], [167, 147], [230, 229], [240, 245]]}, "": {"executed_lines": [1, 12, 13, 14, 15, 16, 18, 19, 20, 23, 24, 35, 62, 98, 114, 176, 247, 269], "summary": {"covered_lines": 16, "num_statements": 16, "percent_covered": 100.0, "percent_covered_display": "100.00", "missing_lines": 0, "excluded_lines": 0, "percent_statements_covered": 100.0, "percent_statements_covered_display": "100.00", "num_branches": 0, "num_partial_branches": 0, "covered_branches": 0, "missing_branches": 0, "percent_branches_covered": 100.0, "percent_branches_covered_display": "100.00"}, "missing_lines": [], "excluded_lines": [], "executed_branches": [], "missing_branches": []}}}, "fish_async_task/performance/sharded_status.py": {"executed_lines": [1, 11, 12, 13, 15, 16, 17, 20, 21, 32, 43, 45, 46, 49, 50, 52, 54, 69, 71, 92, 93, 94, 96, 97, 99, 120, 121, 122, 124, 125, 127, 129, 147, 148, 149, 151, 152, 153, 154, 156, 175, 176, 177, 178, 179, 181, 204, 207, 208, 209, 211, 212, 214, 232, 235, 236, 237, 238, 239, 241], "summary": {"covered_lines": 58, "num_statements": 58, "percent_covered": 100.0, "percent_covered_display": "100.00", "missing_lines": 0, "excluded_lines": 0, "percent_statements_covered": 100.0, "percent_statements_covered_display": "100.00", "num_branches": 8, "num_partial_branches": 0, "covered_branches": 8, "missing_branches": 0, "percent_branches_covered": 100.0, "percent_branches_covered_display": "100.00"}, "missing_lines": [], "excluded_lines": [], "executed_branches": [[152, -129], [152, 153], [176, 177], [176, 179], [207, 208], [207, 211], [235, 236], [235, 241]], "missing_branches": [], "functions": {"ShardedTaskStatus.__init__": {"executed_lines": [43, 45, 46, 49, 50, 52], "summary": {"covered_lines": 6, "num_statements": 6, "percent_covered": 100.0, "percent_covered_display": "100.00", "missing_lines": 0, "excluded_lines": 0, "percent_statements_covered": 100.0, "percent_statements_covered_display": "100.00", "num_branches": 0, "num_partial_branches": 0, "covered_branches": 0, "missing_branches": 0, "percent_branches_covered": 100.0, "percent_branches_covered_display": "100.00"}, "missing_lines": [], "excluded_lines": [], "executed_branches": [], "missing_branches": []}, "ShardedTaskStatus._get_shard_index": {"executed_lines": [69], "summary": {"covered_lines": 1, "num_statements": 1, "percent_covered": 100.0, "percent_covered_display": "100.00", "missing_lines": 0, "excluded_lines": 0, "percent_statements_covered": 100.0, "percent_statements_covered_display": "100.00", "num_branches": 0, "num_partial_branches": 0, "covered_branches": 0, "missing_branches": 0, "percent_branches_covered": 100.0, "percent_branches_covered_display": "100.00"}, "missing_lines": [], "excluded_lines": [], "executed_branches": [], "missing_branches": []}, "ShardedTaskStatus.get_status": {"executed_lines": [92, 93, 94, 96, 97], "summary": {"covered_lines": 5, "num_statements": 5, "percent_covered": 100.0, "percent_covered_display": "100.00", "missing_lines": 0, "excluded_lines": 0, "percent_statements_covered": 100.0, "percent_statements_covered_display": "100.00", "num_branches": 0, "num_partial_branches": 0, "covered_branches": 0, "missing_branches": 0, "percent_branches_covered": 100.0, "percent_branches_covered_display": "100.00"}, "missing_lines": [], "excluded_lines": [], "executed_branches": [], "missing_branches": []}, "ShardedTaskStatus.update_status": {"executed_lines": [120, 121, 122, 124, 125, 127], "summary": {"covered_lines": 6, "num_statements": 6, "percent_covered": 100.0, "percent_covered_display": "100.00", "missing_lines": 0, "excluded_lines": 0, "percent_statements_covered": 100.0, "percent_statements_covered_display": "100.00", "num_branches": 0, "num_partial_branches": 0, "covered_branches": 0, "missing_branches": 0, "percent_branches_covered": 100.0, "percent_branches_covered_display": "100.00"}, "missing_lines": [], "excluded_lines": [], "executed_branches": [], "missing_branches": []}, "ShardedTaskStatus.remove_status": {"executed_lines": [147, 148, 149, 151, 152, 153, 154], "summary": {"covered_lines": 7, "num_statements": 7, "percent_covered": 100.0, "percent_covered_display": "100.00", "missing_lines": 0, "excluded_lines": 0, "percent_statements_covered": 100.0, "percent_statements_covered_display": "100.00", "num_branches": 2, "num_partial_branches": 0, "covered_branches": 2, "missing_branches": 0, "percent_branches_covered": 100.0, "percent_branches_covered_display": "100.00"}, "missing_lines": [], "excluded_lines": [], "executed_branches": [[152, -129], [152, 153]], "missing_branches": []}, "ShardedTaskStatus.get_task_count": {"executed_lines": [175, 176, 177, 178, 179], "summary": {"covered_lines": 5, "num_statements": 5, "percent_covered": 100.0, "percent_covered_display": "100.00", "missing_lines": 0, "excluded_lines": 0, "percent_statements_covered": 100.0, "percent_statements_covered_display": "100.00", "num_branches": 2, "num_partial_branches": 0, "covered_branches": 2, "missing_branches": 0, "percent_branches_covered": 100.0, "percent_branches_covered_display": "100.00"}, "missing_lines": [], "excluded_lines": [], "executed_branches": [[176, 177], [176, 179]], "missing_branches": []}, "ShardedTaskStatus.get_all_statuses": {"executed_lines": [204, 207, 208, 209, 211, 212], "summary": {"covered_lines": 6, "num_statements": 6, "percent_covered": 100.0, "percent_covered_display": "100.00", "missing_lines": 0, "excluded_lines": 0, "percent_statements_covered": 100.0, "percent_statements_covered_display": "100.00", "num_branches": 2, "num_partial_branches": 0, "covered_branches": 2, "missing_branches": 0, "percent_branches_covered": 100.0, "percent_branches_covered_display": "100.00"}, "missing_lines": [], "excluded_lines": [], "executed_branches": [[207, 208], [207, 211]], "missing_branches": []}, "ShardedTaskStatus.clear_all": {"executed_lines": [232, 235, 236, 237, 238, 239, 241], "summary": {"covered_lines": 7, "num_statements": 7, "percent_covered": 100.0, "percent_covered_display": "100.00", "missing_lines": 0, "excluded_lines": 0, "percent_statements_covered": 100.0, "percent_statements_covered_display": "100.00", "num_branches": 2, "num_partial_branches": 0, "covered_branches": 2, "missing_branches": 0, "percent_branches_covered": 100.0, "percent_branches_covered_display": "100.00"}, "missing_lines": [], "excluded_lines": [], "executed_branches": [[235, 236], [235, 241]], "missing_branches": []}, "": {"executed_lines": [1, 11, 12, 13, 15, 16, 17, 20, 21, 32, 54, 71, 99, 129, 156, 181, 214], "summary": {"covered_lines": 15, "num_statements": 15, "percent_covered": 100.0, "percent_covered_display": "100.00", "missing_lines": 0, "excluded_lines": 0, "percent_statements_covered": 100.0, "percent_statements_covered_display": "100.00", "num_branches": 0, "num_partial_branches": 0, "covered_branches": 0, "missing_branches": 0, "percent_branches_covered": 100.0, "percent_branches_covered_display": "100.00"}, "missing_lines": [], "excluded_lines": [], "executed_branches": [], "missing_branches": []}}, "classes": {"ShardedTaskStatus": {"executed_lines": [43, 45, 46, 49, 50, 52, 69, 92, 93, 94, 96, 97, 120, 121, 122, 124, 125, 127, 147, 148, 149, 151, 152, 153, 154, 175, 176, 177, 178, 179, 204, 207, 208, 209, 211, 212, 232, 235, 236, 237, 238, 239, 241], "summary": {"covered_lines": 43, "num_statements": 43, "percent_covered": 100.0, "percent_covered_display": "100.00", "missing_lines": 0, "excluded_lines": 0, "percent_statements_covered": 100.0, "percent_statements_covered_display": "100.00", "num_branches": 8, "num_partial_branches": 0, "covered_branches": 8, "missing_branches": 0, "percent_branches_covered": 100.0, "percent_branches_covered_display": "100.00"}, "missing_lines": [], "excluded_lines": [], "executed_branches": [[152, -129], [152, 153], [176, 177], [176, 179], [207, 208], [207, 211], [235, 236], [235, 241]], "missing_branches": []}, "": {"executed_lines": [1, 11, 12, 13, 15, 16, 17, 20, 21, 32, 54, 71, 99, 129, 156, 181, 214], "summary": {"covered_lines": 15, "num_statements": 15, "percent_covered": 100.0, "percent_covered_display": "100.00", "missing_lines": 0, "excluded_lines": 0, "percent_statements_covered": 100.0, "percent_statements_covered_display": "100.00", "num_branches": 0, "num_partial_branches": 0, "covered_branches": 0, "missing_branches": 0, "percent_branches_covered": 100.0, "percent_branches_covered_display": "100.00"}, "missing_lines": [], "excluded_lines": [], "executed_branches": [], "missing_branches": []}}}, "fish_async_task/task_manager.py": {"executed_lines": [1, 8, 9, 10, 11, 12, 13, 14, 16, 17, 18, 19, 20, 23, 24, 26, 29, 30, 33, 34, 35, 36, 37, 38, 39, 40, 43, 44, 46, 47, 50, 52, 79, 80, 82, 84, 86, 89, 90, 91, 93, 117, 126, 129, 132, 133, 134, 137, 140, 141, 142, 143, 146, 153, 160, 167, 170, 171, 174, 175, 176, 179, 186, 193, 207, 214, 216, 224, 225, 227, 234, 235, 237, 238, 241, 252, 253, 267, 268, 270, 271, 272, 274, 321, 323, 324, 325, 327, 328, 329, 330, 331, 334, 337, 338, 339, 341, 369, 370, 371, 375, 376, 378, 391, 393, 406, 410, 411, 414, 417, 420, 423, 424, 425, 426], "summary": {"covered_lines": 112, "num_statements": 123, "percent_covered": 88.48920863309353, "percent_covered_display": "88.49", "missing_lines": 11, "excluded_lines": 0, "percent_statements_covered": 91.0569105691057, "percent_statements_covered_display": "91.06", "num_branches": 16, "num_partial_branches": 5, "covered_branches": 11, "missing_branches": 5, "percent_branches_covered": 68.75, "percent_branches_covered_display": "68.75"}, "missing_lines": [119, 120, 254, 256, 257, 259, 262, 263, 265, 407, 408], "excluded_lines": [], "executed_branches": [[79, 80], [79, 91], [82, 84], [117, -93], [235, 237], [235, 238], [324, 325], [324, 327], [369, 370], [371, 375], [406, 410]], "missing_branches": [[82, 91], [117, 119], [369, 371], [371, 376], [406, 407]], "functions": {"TaskManager.__new__": {"executed_lines": [79, 80, 82, 84, 86, 89, 90, 91], "summary": {"covered_lines": 8, "num_statements": 8, "percent_covered": 91.66666666666667, "percent_covered_display": "91.67", "missing_lines": 0, "excluded_lines": 0, "percent_statements_covered": 100.0, "percent_statements_covered_display": "100.00", "num_branches": 4, "num_partial_branches": 1, "covered_branches": 3, "missing_branches": 1, "percent_branches_covered": 75.0, "percent_branches_covered_display": "75.00"}, "missing_lines": [], "excluded_lines": [], "executed_branches": [[79, 80], [79, 91], [82, 84]], "missing_branches": [[82, 91]]}, "TaskManager.__init__": {"executed_lines": [117], "summary": {"covered_lines": 1, "num_statements": 3, "percent_covered": 40.0, "percent_covered_display": "40.00", "missing_lines": 2, "excluded_lines": 0, "percent_statements_covered": 33.333333333333336, "percent_statements_covered_display": "33.33", "num_branches": 2, "num_partial_branches": 1, "covered_branches": 1, "missing_branches": 1, "percent_branches_covered": 50.0, "percent_branches_covered_display": "50.00"}, "missing_lines": [119, 120], "excluded_lines": [], "executed_branches": [[117, -93]], "missing_branches": [[117, 119]]}, "TaskManager._init_task_manager": {"executed_lines": [129, 132, 133, 134, 137, 140, 141, 142, 143, 146, 153, 160, 167, 170, 171, 174, 175, 176, 179, 186, 193, 207, 214, 216, 224, 225], "summary": {"covered_lines": 26, "num_statements": 26, "percent_covered": 100.0, "percent_covered_display": "100.00", "missing_lines": 0, "excluded_lines": 0, "percent_statements_covered": 100.0, "percent_statements_covered_display": "100.00", "num_branches": 0, "num_partial_branches": 0, "covered_branches": 0, "missing_branches": 0, "percent_branches_covered": 100.0, "percent_branches_covered_display": "100.00"}, "missing_lines": [], "excluded_lines": [], "executed_branches": [], "missing_branches": []}, "TaskManager._schedule_scale_check": {"executed_lines": [234, 235, 237, 238, 241, 270, 271, 272], "summary": {"covered_lines": 8, "num_statements": 8, "percent_covered": 100.0, "percent_covered_display": "100.00", "missing_lines": 0, "excluded_lines": 0, "percent_statements_covered": 100.0, "percent_statements_covered_display": "100.00", "num_branches": 2, "num_partial_branches": 0, "covered_branches": 2, "missing_branches": 0, "percent_branches_covered": 100.0, "percent_branches_covered_display": "100.00"}, "missing_lines": [], "excluded_lines": [], "executed_branches": [[235, 237], [235, 238]], "missing_branches": []}, "TaskManager._schedule_scale_check.delayed_scale_check": {"executed_lines": [252, 253, 267, 268], "summary": {"covered_lines": 4, "num_statements": 11, "percent_covered": 36.36363636363637, "percent_covered_display": "36.36", "missing_lines": 7, "excluded_lines": 0, "percent_statements_covered": 36.36363636363637, "percent_statements_covered_display": "36.36", "num_branches": 0, "num_partial_branches": 0, "covered_branches": 0, "missing_branches": 0, "percent_branches_covered": 100.0, "percent_branches_covered_display": "100.00"}, "missing_lines": [254, 256, 257, 259, 262, 263, 265], "excluded_lines": [], "executed_branches": [], "missing_branches": []}, "TaskManager.submit_task": {"executed_lines": [321, 323, 324, 325, 327, 328, 329, 330, 331, 334, 337, 338, 339], "summary": {"covered_lines": 13, "num_statements": 13, "percent_covered": 100.0, "percent_covered_display": "100.00", "missing_lines": 0, "excluded_lines": 0, "percent_statements_covered": 100.0, "percent_statements_covered_display": "100.00", "num_branches": 2, "num_partial_branches": 0, "covered_branches": 2, "missing_branches": 0, "percent_branches_covered": 100.0, "percent_branches_covered_display": "100.00"}, "missing_lines": [], "excluded_lines": [], "executed_branches": [[324, 325], [324, 327]], "missing_branches": []}, "TaskManager.get_task_status": {"executed_lines": [369, 370, 371, 375, 376], "summary": {"covered_lines": 5, "num_statements": 5, "percent_covered": 77.77777777777777, "percent_covered_display": "77.78", "missing_lines": 0, "excluded_lines": 0, "percent_statements_covered": 100.0, "percent_statements_covered_display": "100.00", "num_branches": 4, "num_partial_branches": 2, "covered_branches": 2, "missing_branches": 2, "percent_branches_covered": 50.0, "percent_branches_covered_display": "50.00"}, "missing_lines": [], "excluded_lines": [], "executed_branches": [[369, 370], [371, 375]], "missing_branches": [[369, 371], [371, 376]]}, "TaskManager.clear_task_status": {"executed_lines": [391], "summary": {"covered_lines": 1, "num_statements": 1, "percent_covered": 100.0, "percent_covered_display": "100.00", "missing_lines": 0, "excluded_lines": 0, "percent_statements_covered": 100.0, "percent_statements_covered_display": "100.00", "num_branches": 0, "num_partial_branches": 0, "covered_branches": 0, "missing_branches": 0, "percent_branches_covered": 100.0, "percent_branches_covered_display": "100.00"}, "missing_lines": [], "excluded_lines": [], "executed_branches": [], "missing_branches": []}, "TaskManager.shutdown": {"executed_lines": [406, 410, 411, 414, 417, 420, 423, 424, 425, 426], "summary": {"covered_lines": 10, "num_statements": 12, "percent_covered": 78.57142857142857, "percent_covered_display": "78.57", "missing_lines": 2, "excluded_lines": 0, "percent_statements_covered": 83.33333333333333, "percent_statements_covered_display": "83.33", "num_branches": 2, "num_partial_branches": 1, "covered_branches": 1, "missing_branches": 1, "percent_branches_covered": 50.0, "percent_branches_covered_display": "50.00"}, "missing_lines": [407, 408], "excluded_lines": [], "executed_branches": [[406, 410]], "missing_branches": [[406, 407]]}, "": {"executed_lines": [1, 8, 9, 10, 11, 12, 13, 14, 16, 17, 18, 19, 20, 23, 24, 26, 29, 30, 33, 34, 35, 36, 37, 38, 39, 40, 43, 44, 46, 47, 50, 52, 93, 126, 227, 274, 341, 378, 393], "summary": {"covered_lines": 36, "num_statements": 36, "percent_covered": 100.0, "percent_covered_display": "100.00", "missing_lines": 0, "excluded_lines": 0, "percent_statements_covered": 100.0, "percent_statements_covered_display": "100.00", "num_branches": 0, "num_partial_branches": 0, "covered_branches": 0, "missing_branches": 0, "percent_branches_covered": 100.0, "percent_branches_covered_display": "100.00"}, "missing_lines": [], "excluded_lines": [], "executed_branches": [], "missing_branches": []}}, "classes": {"TaskQueueFullError": {"executed_lines": [], "summary": {"covered_lines": 0, "num_statements": 0, "percent_covered": 100.0, "percent_covered_display": "100.00", "missing_lines": 0, "excluded_lines": 0, "percent_statements_covered": 100.0, "percent_statements_covered_display": "100.00", "num_branches": 0, "num_partial_branches": 0, "covered_branches": 0, "missing_branches": 0, "percent_branches_covered": 100.0, "percent_branches_covered_display": "100.00"}, "missing_lines": [], "excluded_lines": [], "executed_branches": [], "missing_branches": []}, "TaskManager": {"executed_lines": [79, 80, 82, 84, 86, 89, 90, 91, 117, 129, 132, 133, 134, 137, 140, 141, 142, 143, 146, 153, 160, 167, 170, 171, 174, 175, 176, 179, 186, 193, 207, 214, 216, 224, 225, 234, 235, 237, 238, 241, 252, 253, 267, 268, 270, 271, 272, 321, 323, 324, 325, 327, 328, 329, 330, 331, 334, 337, 338, 339, 369, 370, 371, 375, 376, 391, 406, 410, 411, 414, 417, 420, 423, 424, 425, 426], "summary": {"covered_lines": 76, "num_statements": 87, "percent_covered": 84.46601941747574, "percent_covered_display": "84.47", "missing_lines": 11, "excluded_lines": 0, "percent_statements_covered": 87.35632183908046, "percent_statements_covered_display": "87.36", "num_branches": 16, "num_partial_branches": 5, "covered_branches": 11, "missing_branches": 5, "percent_branches_covered": 68.75, "percent_branches_covered_display": "68.75"}, "missing_lines": [119, 120, 254, 256, 257, 259, 262, 263, 265, 407, 408], "excluded_lines": [], "executed_branches": [[79, 80], [79, 91], [82, 84], [117, -93], [235, 237], [235, 238], [324, 325], [324, 327], [369, 370], [371, 375], [406, 410]], "missing_branches": [[82, 91], [117, 119], [369, 371], [371, 376], [406, 407]]}, "": {"executed_lines": [1, 8, 9, 10, 11, 12, 13, 14, 16, 17, 18, 19, 20, 23, 24, 26, 29, 30, 33, 34, 35, 36, 37, 38, 39, 40, 43, 44, 46, 47, 50, 52, 93, 126, 227, 274, 341, 378, 393], "summary": {"covered_lines": 36, "num_statements": 36, "percent_covered": 100.0, "percent_covered_display": "100.00", "missing_lines": 0, "excluded_lines": 0, "percent_statements_covered": 100.0, "percent_statements_covered_display": "100.00", "num_branches": 0, "num_partial_branches": 0, "covered_branches": 0, "missing_branches": 0, "percent_branches_covered": 100.0, "percent_branches_covered_display": "100.00"}, "missing_lines": [], "excluded_lines": [], "executed_branches": [], "missing_branches": []}}}, "fish_async_task/task_status.py": {"executed_lines": [1, 7, 8, 9, 10, 11, 12, 13, 15, 18, 19, 43, 45, 46, 48, 54, 55, 57, 63, 64, 65, 66, 68, 74, 75, 78, 84, 87, 88, 94, 102, 103, 105, 115, 116, 118, 119, 121, 131, 132, 134, 137, 138, 150, 158, 159, 162, 163, 165, 167, 178, 180, 190, 191, 192, 194, 208, 209, 211, 214, 215, 216, 217, 218, 220, 227, 228, 229, 232, 244, 245, 246, 249, 250, 251, 253, 254, 255, 258, 259, 260, 263, 265, 267, 270, 273, 274, 275, 276, 277, 278, 279, 280, 282, 284, 310, 336, 353, 366, 368, 370, 371, 372, 375, 376, 377, 399, 400, 401, 414, 446, 450, 452, 454, 455, 456, 458, 459, 460, 461, 464, 465, 466, 474, 481, 483, 558, 561, 562, 591, 605, 606, 607, 610, 611, 612, 614, 636, 646, 647, 650, 651, 654, 655, 656, 658, 666, 668, 672, 673, 679, 680, 681, 682, 702, 711, 718, 719, 720, 721, 722, 724, 731, 732, 734, 741, 744, 745, 760, 761, 764, 765, 767, 787, 788, 789, 792, 793, 794, 808, 811, 814, 815, 822, 823, 826, 828, 835, 837, 839, 844, 846, 847, 849, 872, 875, 880, 882, 907, 910, 911, 912, 913, 919, 920, 921, 922, 924, 925, 926, 929, 930, 931, 932, 934, 935, 936, 939, 941, 966, 968, 979, 989, 999, 1001, 1008, 1009, 1010, 1012, 1013, 1014, 1016, 1027, 1030, 1035, 1037, 1043, 1045, 1085, 1092, 1093, 1094, 1095, 1096, 1098], "summary": {"covered_lines": 239, "num_statements": 364, "percent_covered": 63.1578947368421, "percent_covered_display": "63.16", "missing_lines": 125, "excluded_lines": 0, "percent_statements_covered": 65.65934065934066, "percent_statements_covered_display": "65.66", "num_branches": 130, "num_partial_branches": 11, "covered_branches": 73, "missing_branches": 57, "percent_branches_covered": 56.15384615384615, "percent_branches_covered_display": "56.15"}, "missing_lines": [76, 294, 297, 298, 301, 302, 303, 304, 307, 308, 329, 331, 332, 333, 334, 345, 346, 351, 380, 383, 384, 385, 388, 391, 393, 394, 396, 402, 405, 408, 410, 421, 422, 424, 426, 427, 428, 430, 431, 434, 435, 436, 437, 438, 439, 440, 444, 467, 468, 469, 470, 502, 503, 506, 507, 510, 511, 513, 515, 516, 517, 520, 521, 525, 526, 527, 528, 529, 532, 533, 534, 537, 538, 539, 542, 543, 544, 545, 546, 549, 550, 551, 552, 553, 555, 664, 669, 691, 693, 696, 698, 699, 700, 704, 705, 706, 708, 709, 795, 796, 797, 798, 801, 802, 803, 806, 927, 937, 1038, 1039, 1064, 1065, 1066, 1068, 1069, 1070, 1072, 1076, 1078, 1079, 1081, 1083, 1105, 1106, 1107], "excluded_lines": [], "executed_branches": [[65, -57], [65, 66], [75, -68], [115, 116], [115, 118], [131, 132], [131, 134], [214, -194], [214, 215], [216, -194], [216, 217], [249, 250], [249, 282], [250, 251], [250, 253], [258, 249], [258, 259], [259, 260], [259, 263], [265, 267], [265, 270], [273, 274], [276, 277], [279, 258], [279, 280], [370, 371], [370, 375], [376, 377], [454, 455], [454, 458], [458, 459], [458, 460], [460, 461], [460, 464], [464, -446], [464, 465], [654, -614], [654, 655], [668, 672], [680, -666], [680, 681], [720, 721], [720, 722], [792, 793], [794, 808], [837, 839], [837, 844], [844, 846], [910, 911], [910, 912], [912, 913], [912, 919], [919, 920], [919, 921], [921, 922], [921, 924], [924, 925], [924, 926], [926, 929], [929, 930], [929, 931], [931, 932], [931, 934], [934, 935], [934, 936], [936, 939], [966, 968], [966, 979], [1008, 1009], [1008, 1012], [1037, 1043], [1093, 1094], [1093, 1096]], "missing_branches": [[75, 76], [273, 258], [276, 258], [297, 298], [297, 307], [298, 297], [298, 301], [331, 332], [331, 334], [345, -336], [345, 346], [376, 380], [384, 385], [384, 388], [426, 427], [426, 430], [430, 431], [430, 434], [434, 435], [434, 444], [502, 503], [502, 506], [506, 507], [506, 510], [515, 516], [515, 520], [520, 521], [520, 525], [525, 526], [525, 532], [537, 538], [537, 549], [542, 537], [542, 543], [544, 537], [544, 545], [668, 669], [705, 706], [705, 708], [708, -702], [708, 709], [792, 811], [794, 795], [797, 798], [797, 811], [844, -828], [926, 927], [936, 937], [1037, 1038], [1064, 1065], [1064, 1068], [1068, 1069], [1068, 1072], [1078, 1079], [1078, 1081], [1105, 1106], [1105, 1107]], "functions": {"ReadWriteLock.__init__": {"executed_lines": [45, 46], "summary": {"covered_lines": 2, "num_statements": 2, "percent_covered": 100.0, "percent_covered_display": "100.00", "missing_lines": 0, "excluded_lines": 0, "percent_statements_covered": 100.0, "percent_statements_covered_display": "100.00", "num_branches": 0, "num_partial_branches": 0, "covered_branches": 0, "missing_branches": 0, "percent_branches_covered": 100.0, "percent_branches_covered_display": "100.00"}, "missing_lines": [], "excluded_lines": [], "executed_branches": [], "missing_branches": []}, "ReadWriteLock.acquire_read": {"executed_lines": [54, 55], "summary": {"covered_lines": 2, "num_statements": 2, "percent_covered": 100.0, "percent_covered_display": "100.00", "missing_lines": 0, "excluded_lines": 0, "percent_statements_covered": 100.0, "percent_statements_covered_display": "100.00", "num_branches": 0, "num_partial_branches": 0, "covered_branches": 0, "missing_branches": 0, "percent_branches_covered": 100.0, "percent_branches_covered_display": "100.00"}, "missing_lines": [], "excluded_lines": [], "executed_branches": [], "missing_branches": []}, "ReadWriteLock.release_read": {"executed_lines": [63, 64, 65, 66], "summary": {"covered_lines": 4, "num_statements": 4, "percent_covered": 100.0, "percent_covered_display": "100.00", "missing_lines": 0, "excluded_lines": 0, "percent_statements_covered": 100.0, "percent_statements_covered_display": "100.00", "num_branches": 2, "num_partial_branches": 0, "covered_branches": 2, "missing_branches": 0, "percent_branches_covered": 100.0, "percent_branches_covered_display": "100.00"}, "missing_lines": [], "excluded_lines": [], "executed_branches": [[65, -57], [65, 66]], "missing_branches": []}, "ReadWriteLock.acquire_write": {"executed_lines": [74, 75], "summary": {"covered_lines": 2, "num_statements": 3, "percent_covered": 60.0, "percent_covered_display": "60.00", "missing_lines": 1, "excluded_lines": 0, "percent_statements_covered": 66.66666666666667, "percent_statements_covered_display": "66.67", "num_branches": 2, "num_partial_branches": 1, "covered_branches": 1, "missing_branches": 1, "percent_branches_covered": 50.0, "percent_branches_covered_display": "50.00"}, "missing_lines": [76], "excluded_lines": [], "executed_branches": [[75, -68]], "missing_branches": [[75, 76]]}, "ReadWriteLock.release_write": {"executed_lines": [84], "summary": {"covered_lines": 1, "num_statements": 1, "percent_covered": 100.0, "percent_covered_display": "100.00", "missing_lines": 0, "excluded_lines": 0, "percent_statements_covered": 100.0, "percent_statements_covered_display": "100.00", "num_branches": 0, "num_partial_branches": 0, "covered_branches": 0, "missing_branches": 0, "percent_branches_covered": 100.0, "percent_branches_covered_display": "100.00"}, "missing_lines": [], "excluded_lines": [], "executed_branches": [], "missing_branches": []}, "ReadWriteLockContext.__init__": {"executed_lines": [102, 103], "summary": {"covered_lines": 2, "num_statements": 2, "percent_covered": 100.0, "percent_covered_display": "100.00", "missing_lines": 0, "excluded_lines": 0, "percent_statements_covered": 100.0, "percent_statements_covered_display": "100.00", "num_branches": 0, "num_partial_branches": 0, "covered_branches": 0, "missing_branches": 0, "percent_branches_covered": 100.0, "percent_branches_covered_display": "100.00"}, "missing_lines": [], "excluded_lines": [], "executed_branches": [], "missing_branches": []}, "ReadWriteLockContext.__enter__": {"executed_lines": [115, 116, 118, 119], "summary": {"covered_lines": 4, "num_statements": 4, "percent_covered": 100.0, "percent_covered_display
[...]
tial_branches": 0, "covered_branches": 0, "missing_branches": 2, "percent_branches_covered": 0.0, "percent_branches_covered_display": "0.00"}, "missing_lines": [557, 558, 559], "excluded_lines": [], "executed_branches": [], "missing_branches": [[557, 558], [557, 559]]}, "WorkerManager._check_idle_timeout": {"executed_lines": [572, 573, 576, 579, 580, 581, 582, 584, 588, 589, 590, 591, 592, 593, 597], "summary": {"covered_lines": 15, "num_statements": 29, "percent_covered": 46.666666666666664, "percent_covered_display": "46.67", "missing_lines": 14, "excluded_lines": 0, "percent_statements_covered": 51.724137931034484, "percent_statements_covered_display": "51.72", "num_branches": 16, "num_partial_branches": 4, "covered_branches": 6, "missing_branches": 10, "percent_branches_covered": 37.5, "percent_branches_covered_display": "37.50"}, "missing_lines": [574, 595, 596, 600, 603, 604, 606, 608, 609, 610, 611, 614, 615, 616], "excluded_lines": [], "executed_branches": [[573, 576], [579, 580], [584, 588], [584, 597], [589, 590], [590, 591]], "missing_branches": [[573, 574], [579, 600], [589, 595], [590, 597], [600, 603], [600, 616], [606, 608], [606, 616], [608, 609], [608, 614]]}, "WorkerManager._worker_loop": {"executed_lines": [626, 627, 628, 630, 631, 632, 635, 636, 637, 639, 640, 643, 644, 647, 648, 650, 651, 652, 653, 655, 656, 657, 658, 659, 707], "summary": {"covered_lines": 25, "num_statements": 46, "percent_covered": 58.62068965517241, "percent_covered_display": "58.62", "missing_lines": 21, "excluded_lines": 0, "percent_statements_covered": 54.34782608695652, "percent_statements_covered_display": "54.35", "num_branches": 12, "num_partial_branches": 1, "covered_branches": 9, "missing_branches": 3, "percent_branches_covered": 75.0, "percent_branches_covered_display": "75.00"}, "missing_lines": [661, 663, 664, 665, 667, 668, 670, 671, 673, 674, 676, 677, 679, 680, 682, 685, 688, 691, 699, 703, 705], "excluded_lines": [], "executed_branches": [[630, 631], [630, 707], [635, 636], [635, 639], [652, 653], [652, 657], [655, 656], [657, 658], [657, 659]], "missing_branches": [[655, 659], [691, 699], [691, 705]]}, "WorkerManager.send_shutdown_signals": {"executed_lines": [716, 717, 720, 721, 722, 724, 725, 738, 744], "summary": {"covered_lines": 9, "num_statements": 17, "percent_covered": 57.142857142857146, "percent_covered_display": "57.14", "missing_lines": 8, "excluded_lines": 0, "percent_statements_covered": 52.94117647058823, "percent_statements_covered_display": "52.94", "num_branches": 4, "num_partial_branches": 1, "covered_branches": 3, "missing_branches": 1, "percent_branches_covered": 75.0, "percent_branches_covered_display": "75.00"}, "missing_lines": [726, 728, 730, 731, 732, 733, 736, 739], "excluded_lines": [], "executed_branches": [[721, 722], [721, 738], [738, 744]], "missing_branches": [[738, 739]]}, "WorkerManager.wait_for_threads_exit": {"executed_lines": [757, 758, 760, 761, 762, 763, 764, 767], "summary": {"covered_lines": 8, "num_statements": 14, "percent_covered": 65.0, "percent_covered_display": "65.00", "missing_lines": 6, "excluded_lines": 0, "percent_statements_covered": 57.142857142857146, "percent_statements_covered_display": "57.14", "num_branches": 6, "num_partial_branches": 1, "covered_branches": 5, "missing_branches": 1, "percent_branches_covered": 83.33333333333333, "percent_branches_covered_display": "83.33"}, "missing_lines": [765, 768, 770, 771, 773, 774], "excluded_lines": [], "executed_branches": [[760, -746], [760, 761], [761, 760], [761, 762], [764, 767]], "missing_branches": [[764, 765]]}, "TaskExecutor.__init__": {"executed_lines": [817, 818, 819, 822, 823, 828, 829, 830, 833, 834, 837], "summary": {"covered_lines": 11, "num_statements": 11, "percent_covered": 100.0, "percent_covered_display": "100.00", "missing_lines": 0, "excluded_lines": 0, "percent_statements_covered": 100.0, "percent_statements_covered_display": "100.00", "num_branches": 0, "num_partial_branches": 0, "covered_branches": 0, "missing_branches": 0, "percent_branches_covered": 100.0, "percent_branches_covered_display": "100.00"}, "missing_lines": [], "excluded_lines": [], "executed_branches": [], "missing_branches": []}, "TaskExecutor._queue_status_update": {"executed_lines": [859, 861, 862, 865, 866, 869, 873, 874], "summary": {"covered_lines": 8, "num_statements": 8, "percent_covered": 100.0, "percent_covered_display": "100.00", "missing_lines": 0, "excluded_lines": 0, "percent_statements_covered": 100.0, "percent_statements_covered_display": "100.00", "num_branches": 2, "num_partial_branches": 0, "covered_branches": 2, "missing_branches": 0, "percent_branches_covered": 100.0, "percent_branches_covered_display": "100.00"}, "missing_lines": [], "excluded_lines": [], "executed_branches": [[869, -839], [869, 873]], "missing_branches": []}, "TaskExecutor._flush_batch_updates": {"executed_lines": [878, 882, 883, 887, 888, 889, 890], "summary": {"covered_lines": 7, "num_statements": 14, "percent_covered": 55.55555555555556, "percent_covered_display": "55.56", "missing_lines": 7, "excluded_lines": 0, "percent_statements_covered": 50.0, "percent_statements_covered_display": "50.00", "num_branches": 4, "num_partial_branches": 1, "covered_branches": 3, "missing_branches": 1, "percent_branches_covered": 75.0, "percent_branches_covered_display": "75.00"}, "missing_lines": [879, 898, 899, 902, 904, 905, 906], "excluded_lines": [], "executed_branches": [[878, 882], [888, -876], [888, 889]], "missing_branches": [[878, 879]]}, "TaskExecutor._check_and_flush_batch": {"executed_lines": [910, 911, 912, 914, 915], "summary": {"covered_lines": 5, "num_statements": 5, "percent_covered": 100.0, "percent_covered_display": "100.00", "missing_lines": 0, "excluded_lines": 0, "percent_statements_covered": 100.0, "percent_statements_covered_display": "100.00", "num_branches": 4, "num_partial_branches": 0, "covered_branches": 4, "missing_branches": 0, "percent_branches_covered": 100.0, "percent_branches_covered_display": "100.00"}, "missing_lines": [], "excluded_lines": [], "executed_branches": [[911, 912], [911, 914], [914, -908], [914, 915]], "missing_branches": []}, "TaskExecutor.flush_pending_updates": {"executed_lines": [924, 925, 926, 927, 928], "summary": {"covered_lines": 5, "num_statements": 5, "percent_covered": 100.0, "percent_covered_display": "100.00", "missing_lines": 0, "excluded_lines": 0, "percent_statements_covered": 100.0, "percent_statements_covered_display": "100.00", "num_branches": 2, "num_partial_branches": 0, "covered_branches": 2, "missing_branches": 0, "percent_branches_covered": 100.0, "percent_branches_covered_display": "100.00"}, "missing_lines": [], "excluded_lines": [], "executed_branches": [[926, 927], [926, 928]], "missing_branches": []}, "TaskExecutor.get_pending_update_count": {"executed_lines": [], "summary": {"covered_lines": 0, "num_statements": 2, "percent_covered": 0.0, "percent_covered_display": "0.00", "missing_lines": 2, "excluded_lines": 0, "percent_statements_covered": 0.0, "percent_statements_covered_display": "0.00", "num_branches": 0, "num_partial_branches": 0, "covered_branches": 0, "missing_branches": 0, "percent_branches_covered": 100.0, "percent_branches_covered_display": "100.00"}, "missing_lines": [937, 938], "excluded_lines": [], "executed_branches": [], "missing_branches": []}, "TaskExecutor.execute_task": {"executed_lines": [947, 948, 950, 952, 953, 956, 959, 960, 963, 965, 973, 976, 978, 979, 982, 983, 990, 999, 1001, 1002, 1005, 1006, 1009], "summary": {"covered_lines": 23, "num_statements": 34, "percent_covered": 67.6470588235294, "percent_covered_display": "67.65", "missing_lines": 11, "excluded_lines": 0, "percent_statements_covered": 67.6470588235294, "percent_statements_covered_display": "67.65", "num_branches": 0, "num_partial_branches": 0, "covered_branches": 0, "missing_branches": 0, "percent_branches_covered": 100.0, "percent_branches_covered_display": "100.00"}, "missing_lines": [967, 968, 971, 972, 975, 985, 986, 989, 992, 993, 996], "excluded_lines": [], "executed_branches": [], "missing_branches": []}, "TaskExecutor._execute_with_timeout": {"executed_lines": [1051, 1052, 1053, 1055, 1061, 1070, 1071, 1072, 1074, 1076, 1077, 1083, 1085, 1090, 1094, 1095, 1098, 1100], "summary": {"covered_lines": 18, "num_statements": 22, "percent_covered": 71.875, "percent_covered_display": "71.88", "missing_lines": 4, "excluded_lines": 0, "percent_statements_covered": 81.81818181818181, "percent_statements_covered_display": "81.82", "num_branches": 10, "num_partial_branches": 3, "covered_branches": 5, "missing_branches": 5, "percent_branches_covered": 50.0, "percent_branches_covered_display": "50.00"}, "missing_lines": [1091, 1102, 1103, 1105], "excluded_lines": [], "executed_branches": [[1052, 1053], [1052, 1055], [1074, 1076], [1090, 1094], [1094, 1095]], "missing_branches": [[1074, 1102], [1090, 1091], [1094, 1098], [1102, 1103], [1102, 1105]]}, "TaskExecutor._execute_with_timeout.task_wrapper": {"executed_lines": [1063, 1064, 1068], "summary": {"covered_lines": 3, "num_statements": 5, "percent_covered": 60.0, "percent_covered_display": "60.00", "missing_lines": 2, "excluded_lines": 0, "percent_statements_covered": 60.0, "percent_statements_covered_display": "60.00", "num_branches": 0, "num_partial_branches": 0, "covered_branches": 0, "missing_branches": 0, "percent_branches_covered": 100.0, "percent_branches_covered_display": "100.00"}, "missing_lines": [1065, 1066], "excluded_lines": [], "executed_branches": [], "missing_branches": []}, "TaskExecutor.add_cleanup_callback": {"executed_lines": [], "summary": {"covered_lines": 0, "num_statements": 2, "percent_covered": 0.0, "percent_covered_display": "0.00", "missing_lines": 2, "excluded_lines": 0, "percent_statements_covered": 0.0, "percent_statements_covered_display": "0.00", "num_branches": 0, "num_partial_branches": 0, "covered_branches": 0, "missing_branches": 0, "percent_branches_covered": 100.0, "percent_branches_covered_display": "100.00"}, "missing_lines": [1116, 1117], "excluded_lines": [], "executed_branches": [], "missing_branches": []}, "TaskExecutor._trigger_cleanup_callbacks": {"executed_lines": [1126], "summary": {"covered_lines": 1, "num_statements": 5, "percent_covered": 28.571428571428573, "percent_covered_display": "28.57", "missing_lines": 4, "excluded_lines": 0, "percent_statements_covered": 20.0, "percent_statements_covered_display": "20.00", "num_branches": 2, "num_partial_branches": 1, "covered_branches": 1, "missing_branches": 1, "percent_branches_covered": 50.0, "percent_branches_covered_display": "50.00"}, "missing_lines": [1127, 1128, 1129, 1130], "excluded_lines": [], "executed_branches": [[1126, -1119]], "missing_branches": [[1126, 1127]]}, "TaskExecutor.cleanup_timed_out_tasks": {"executed_lines": [], "summary": {"covered_lines": 0, "num_statements": 10, "percent_covered": 0.0, "percent_covered_display": "0.00", "missing_lines": 10, "excluded_lines": 0, "percent_statements_covered": 0.0, "percent_statements_covered_display": "0.00", "num_branches": 4, "num_partial_branches": 0, "covered_branches": 0, "missing_branches": 4, "percent_branches_covered": 0.0, "percent_branches_covered_display": "0.00"}, "missing_lines": [1145, 1146, 1148, 1149, 1156, 1157, 1158, 1160, 1161, 1163], "excluded_lines": [], "executed_branches": [], "missing_branches": [[1156, 1157], [1156, 1160], [1160, 1161], [1160, 1163]]}, "TaskExecutor.get_timed_out_task_count": {"executed_lines": [], "summary": {"covered_lines": 0, "num_statements": 2, "percent_covered": 0.0, "percent_covered_display": "0.00", "missing_lines": 2, "excluded_lines": 0, "percent_statements_covered": 0.0, "percent_statements_covered_display": "0.00", "num_branches": 0, "num_partial_branches": 0, "covered_branches": 0, "missing_branches": 0, "percent_branches_covered": 100.0, "percent_branches_covered_display": "100.00"}, "missing_lines": [1172, 1173], "excluded_lines": [], "executed_branches": [], "missing_branches": []}, "": {"executed_lines": [1, 8, 9, 10, 11, 12, 13, 14, 15, 17, 20, 21, 41, 86, 131, 175, 184, 195, 206, 230, 231, 237, 249, 263, 291, 312, 313, 327, 328, 331, 332, 333, 334, 335, 338, 340, 429, 441, 453, 470, 497, 512, 522, 533, 550, 561, 618, 709, 746, 777, 778, 792, 793, 796, 797, 799, 839, 876, 908, 917, 930, 940, 1011, 1107, 1119, 1132, 1165], "summary": {"covered_lines": 62, "num_statements": 62, "percent_covered": 100.0, "percent_covered_display": "100.00", "missing_lines": 0, "excluded_lines": 0, "percent_statements_covered": 100.0, "percent_statements_covered_display": "100.00", "num_branches": 0, "num_partial_branches": 0, "covered_branches": 0, "missing_branches": 0, "percent_branches_covered": 100.0, "percent_branches_covered_display": "100.00"}, "missing_lines": [], "excluded_lines": [], "executed_branches": [], "missing_branches": []}}, "classes": {"AdaptiveWorkerManager": {"executed_lines": [65, 66, 67, 68, 69, 70, 71, 72, 75, 76, 79, 82, 83, 84, 108, 111, 112, 115, 116, 119, 120, 121, 124, 125, 126, 127, 129, 153, 156, 157, 160, 161, 164, 166, 169, 170, 171, 173, 182, 191, 193, 202, 203, 204, 213], "summary": {"covered_lines": 45, "num_statements": 47, "percent_covered": 94.52054794520548, "percent_covered_display": "94.52", "missing_lines": 2, "excluded_lines": 0, "percent_statements_covered": 95.74468085106383, "percent_statements_covered_display": "95.74", "num_branches": 26, "num_partial_branches": 2, "covered_branches": 24, "missing_branches": 2, "percent_branches_covered": 92.3076923076923, "percent_branches_covered_display": "92.31"}, "missing_lines": [167, 192], "excluded_lines": [], "executed_branches": [[83, -41], [83, 84], [111, 112], [111, 115], [115, 116], [115, 119], [119, 120], [119, 124], [124, 125], [124, 129], [125, 126], [125, 129], [156, 157], [156, 160], [160, 161], [160, 164], [164, 166], [164, 173], [166, 169], [169, 170], [169, 173], [191, 193], [202, 203], [202, 204]], "missing_branches": [[166, 167], [191, 192]]}, "CPUMonitor": {"executed_lines": [245, 246, 247, 256, 257, 259, 272, 275, 276, 279, 280, 281, 282, 285, 286, 300, 303, 304, 306, 307], "summary": {"covered_lines": 20, "num_statements": 28, "percent_covered": 70.58823529411765, "percent_covered_display": "70.59", "missing_lines": 8, "excluded_lines": 0, "percent_statements_covered": 71.42857142857143, "percent_statements_covered_display": "71.43", "num_branches": 6, "num_partial_branches": 2, "covered_branches": 4, "missing_branches": 2, "percent_branches_covered": 66.66666666666667, "percent_branches_covered_display": "66.67"}, "missing_lines": [260, 261, 273, 287, 289, 301, 308, 309], "excluded_lines": [], "executed_branches": [[272, 275], [280, 281], [280, 285], [300, 303]], "missing_branches": [[272, 273], [300, 301]]}, "WorkerManager": {"executed_lines": [382, 383, 384, 385, 386, 387, 388, 389, 390, 391, 392, 395, 398, 401, 404, 407, 412, 413, 427, 431, 433, 434, 439, 443, 445, 446, 451, 460, 461, 466, 467, 468, 478, 479, 480, 482, 485, 487, 488, 491, 503, 508, 509, 510, 519, 520, 572, 573, 576, 579, 580, 581, 582, 584, 588, 589, 590, 591, 592, 593, 597, 626, 627, 628, 630, 631, 632, 635, 636, 637, 639, 640, 643, 644, 647, 648, 650, 651, 652, 653, 655, 656, 657, 658, 659, 707, 716, 717, 720, 721, 722, 724, 725, 738, 744, 757, 758, 760, 761, 762, 763, 764, 767], "summary": {"covered_lines": 103, "num_statements": 179, "percent_covered": 56.326530612244895, "percent_covered_display": "56.33", "missing_lines": 76, "excluded_lines": 0, "percent_statements_covered": 57.54189944134078, "percent_statements_covered_display": "57.54", "num_branches": 66, "num_partial_branches": 15, "covered_branches": 35, "missing_branches": 31, "percent_branches_covered": 53.03030303030303, "percent_branches_covered_display": "53.03"}, "missing_lines": [424, 432, 435, 436, 437, 438, 444, 447, 448, 449, 450, 483, 494, 495, 529, 530, 531, 540, 541, 543, 544, 545, 546, 548, 557, 558, 559, 574, 595, 596, 600, 603, 604, 606, 608, 609, 610, 611, 614, 615, 616, 661, 663, 664, 665, 667, 668, 670, 671, 673, 674, 676, 677, 679, 680, 682, 685, 688, 691, 699, 703, 705, 726, 728, 730, 731, 732, 733, 736, 739, 765, 768, 770, 771, 773, 774], "excluded_lines": [], "executed_branches": [[412, 413], [431, 433], [434, 439], [443, 445], [446, 451], [460, 461], [460, 468], [482, 485], [485, 487], [488, -470], [488, 491], [519, 520], [573, 576], [579, 580], [584, 588], [584, 597], [589, 590], [590, 591], [630, 631], [630, 707], [635, 636], [635, 639], [652, 653], [652, 657], [655, 656], [657, 658], [657, 659], [721, 722], [721, 738], [738, 744], [760, -746], [760, 761], [761, 760], [761, 762], [764, 767]], "missing_branches": [[412, 424], [431, 432], [434, 435], [443, 444], [446, 447], [482, 483], [485, 494], [494, -470], [494, 495], [519, -512], [529, 530], [529, 531], [540, 541], [540, 543], [557, 558], [557, 559], [573, 574], [579, 600], [589, 595], [590, 597], [600, 603], [600, 616], [606, 608], [606, 616], [608, 609], [608, 614], [655, 659], [691, 699], [691, 705], [738, 739], [764, 765]]}, "TaskExecutor": {"executed_lines": [817, 818, 819, 822, 823, 828, 829, 830, 833, 834, 837, 859, 861, 862, 865, 866, 869, 873, 874, 878, 882, 883, 887, 888, 889, 890, 910, 911, 912, 914, 915, 924, 925, 926, 927, 928, 947, 948, 950, 952, 953, 956, 959, 960, 963, 965, 973, 976, 978, 979, 982, 983, 990, 999, 1001, 1002, 1005, 1006, 1009, 1051, 1052, 1053, 1055, 1061, 1063, 1064, 1068, 1070, 1071, 1072, 1074, 1076, 1077, 1083, 1085, 1090, 1094, 1095, 1098, 1100, 1126], "summary": {"covered_lines": 81, "num_statements": 125, "percent_covered": 64.05228758169935, "percent_covered_display": "64.05", "missing_lines": 44, "excluded_lines": 0, "percent_statements_covered": 64.8, "percent_statements_covered_display": "64.80", "num_branches": 28, "num_partial_branches": 5, "covered_branches": 17, "missing_branches": 11, "percent_branches_covered": 60.714285714285715, "percent_branches_covered_display": "60.71"}, "missing_lines": [879, 898, 899, 902, 904, 905, 906, 937, 938, 967, 968, 971, 972, 975, 985, 986, 989, 992, 993, 996, 1065, 1066, 1091, 1102, 1103, 1105, 1116, 1117, 1127, 1128, 1129, 1130, 1145, 1146, 1148, 1149, 1156, 1157, 1158, 1160, 1161, 1163, 1172, 1173], "excluded_lines": [], "executed_branches": [[869, -839], [869, 873], [878, 882], [888, -876], [888, 889], [911, 912], [911, 914], [914, -908], [914, 915], [926, 927], [926, 928], [1052, 1053], [1052, 1055], [1074, 1076], [1090, 1094], [1094, 1095], [1126, -1119]], "missing_branches": [[878, 879], [1074, 1102], [1090, 1091], [1094, 1098], [1102, 1103], [1102, 1105], [1126, 1127], [1156, 1157], [1156, 1160], [1160, 1161], [1160, 1163]]}, "": {"executed_lines": [1, 8, 9, 10, 11, 12, 13, 14, 15, 17, 20, 21, 41, 86, 131, 175, 184, 195, 206, 230, 231, 237, 249, 263, 291, 312, 313, 327, 328, 331, 332, 333, 334, 335, 338, 340, 429, 441, 453, 470, 497, 512, 522, 533, 550, 561, 618, 709, 746, 777, 778, 792, 793, 796, 797, 799, 839, 876, 908, 917, 930, 940, 1011, 1107, 1119, 1132, 1165], "summary": {"covered_lines": 62, "num_statements": 62, "percent_covered": 100.0, "percent_covered_display": "100.00", "missing_lines": 0, "excluded_lines": 0, "percent_statements_covered": 100.0, "percent_statements_covered_display": "100.00", "num_branches": 0, "num_partial_branches": 0, "covered_branches": 0, "missing_branches": 0, "percent_branches_covered": 100.0, "percent_branches_covered_display": "100.00"}, "missing_lines": [], "excluded_lines": [], "executed_branches": [], "missing_branches": []}}}}, "totals": {"covered_lines": 1137, "num_statements": 1475, "percent_covered": 74.50980392156863, "percent_covered_display": "74.51", "missing_lines": 338, "excluded_lines": 0, "percent_statements_covered": 77.08474576271186, "percent_statements_covered_display": "77.08", "num_branches": 412, "num_partial_branches": 71, "covered_branches": 269, "missing_branches": 143, "percent_branches_covered": 65.29126213592232, "percent_branches_covered_display": "65.29"}}